##########512x16-000-100Instancias-ANN-2CapasOcultas-EscaladoInter-Tanh.pkl##########
(Output format is: expected_makespan_average calculated_makespan_average accuracy_average task_amount machine_amount)
279.06 490.71 0.53 17 16 844.77 0.00
234.83 474.86 0.48 18 16 677.37 0.04
199.94 328.50 0.56 19 16 397.53 0.02
267.02 429.00 0.55 20 16 560.05 0.04
256.75 422.88 0.58 21 16 765.61 0.01
250.78 442.00 0.53 22 16 747.50 0.01
331.54 532.78 0.56 23 16 833.73 0.03
310.92 458.12 0.60 24 16 479.16 0.05
312.16 505.94 0.54 25 16 609.73 0.04
320.74 531.31 0.57 26 16 817.19 0.04
329.69 580.63 0.55 27 16 814.59 0.02
314.83 518.55 0.54 28 16 760.06 0.03
303.94 643.39 0.57 29 16 923.84 0.02
342.96 573.60 0.57 30 16 744.66 0.04
356.95 641.77 0.56 31 16 1080.62 0.03
297.47 445.49 0.58 32 16 752.88 0.04
359.22 642.78 0.57 33 16 967.60 0.04
365.97 497.29 0.55 34 16 762.70 0.04
350.01 551.84 0.58 35 16 777.62 0.03
383.96 500.23 0.59 36 16 845.23 0.03
397.62 662.49 0.58 37 16 933.38 0.05
360.13 510.01 0.61 38 16 757.36 0.06
393.01 602.14 0.57 39 16 725.20 0.04
398.30 589.01 0.62 40 16 806.41 0.04
403.43 578.59 0.60 41 16 915.23 0.04
388.07 608.62 0.60 42 16 987.05 0.04
439.59 776.81 0.57 43 16 1042.66 0.05
394.11 642.43 0.61 44 16 801.35 0.05
454.88 709.83 0.58 45 16 1185.62 0.04
436.84 719.64 0.62 46 16 1115.89 0.04
462.86 695.47 0.60 47 16 873.24 0.06
445.70 597.89 0.62 48 16 882.60 0.03
448.67 715.47 0.63 49 16 1016.23 0.04
501.55 760.79 0.64 50 16 874.74 0.04
470.40 682.34 0.62 51 16 830.94 0.05
450.63 682.57 0.56 52 16 939.16 0.05
452.84 810.26 0.64 53 16 897.72 0.05
514.26 853.67 0.59 54 16 1147.59 0.04
474.61 787.37 0.60 55 16 1063.72 0.03
534.82 808.18 0.60 56 16 1076.86 0.04
454.29 724.80 0.62 57 16 931.58 0.04
533.99 788.87 0.63 58 16 1115.16 0.04
539.19 920.85 0.59 59 16 1048.64 0.05
550.41 876.79 0.63 60 16 847.53 0.06
555.04 848.95 0.64 61 16 792.99 0.06
553.87 895.72 0.61 62 16 1158.33 0.05
557.36 904.91 0.63 63 16 880.04 0.06
573.67 975.33 0.60 64 16 1174.99 0.05
541.35 870.34 0.61 65 16 1005.25 0.05
560.55 1010.46 0.62 66 16 1019.09 0.06
501.63 734.34 0.68 67 16 685.81 0.06
563.43 972.46 0.63 68 16 954.34 0.05
542.17 887.93 0.66 69 16 843.34 0.05
551.82 842.26 0.62 70 16 1115.07 0.06
590.19 903.84 0.63 71 16 745.47 0.06
530.32 849.47 0.66 72 16 1214.99 0.04
562.30 800.89 0.66 73 16 811.82 0.05
632.50 908.40 0.62 74 16 939.53 0.06
584.06 853.15 0.60 75 16 863.15 0.07
569.94 944.52 0.64 76 16 1142.55 0.06
618.19 941.19 0.61 77 16 729.85 0.06
575.77 992.08 0.67 78 16 898.04 0.06
611.51 865.69 0.62 79 16 866.63 0.08
602.23 936.71 0.65 80 16 550.50 0.07
651.96 986.23 0.64 81 16 1094.63 0.07
618.77 915.74 0.64 82 16 810.18 0.06
623.06 1011.70 0.65 83 16 705.41 0.07
650.15 1008.75 0.64 84 16 728.78 0.08
641.83 883.51 0.63 85 16 933.67 0.06
680.11 1017.65 0.62 86 16 669.39 0.09
645.99 1079.26 0.65 87 16 557.44 0.08
634.81 903.84 0.65 88 16 551.20 0.07
656.90 1029.95 0.65 89 16 817.49 0.07
680.80 1088.04 0.67 90 16 497.70 0.07
670.92 1075.57 0.66 91 16 615.00 0.08
608.07 846.28 0.64 92 16 840.01 0.07
688.21 1039.75 0.64 93 16 545.84 0.08
662.53 1045.43 0.65 94 16 908.25 0.07
722.24 1094.16 0.67 95 16 507.87 0.07
667.78 1105.97 0.64 96 16 688.65 0.09
681.15 1015.60 0.64 97 16 682.43 0.07
701.90 1060.59 0.64 98 16 779.17 0.07
699.88 1046.90 0.65 99 16 516.56 0.08
681.34 1022.21 0.65 100 16 285.82 0.09
691.86 969.76 0.66 101 16 406.03 0.09
695.25 1125.14 0.64 102 16 791.51 0.08
738.36 1160.80 0.65 103 16 911.19 0.07
725.15 1269.38 0.62 104 16 526.99 0.10
752.51 1263.82 0.65 105 16 115.61 0.11
738.41 1059.38 0.67 106 16 482.67 0.08
739.80 1223.19 0.64 107 16 774.35 0.09
759.72 1142.98 0.63 108 16 609.76 0.09
726.51 1000.69 0.68 109 16 212.76 0.09
759.46 1164.64 0.65 110 16 571.81 0.09
790.09 1213.07 0.66 111 16 73.21 0.10
765.47 1078.95 0.67 112 16 46.57 0.10
781.80 1123.76 0.67 113 16 22.76 0.09
794.80 1188.37 0.64 114 16 495.07 0.09
838.14 1185.89 0.65 115 16 -9.30 0.10
787.56 1235.04 0.61 116 16 472.68 0.11
814.62 1207.80 0.63 117 16 447.82 0.10
761.67 1354.92 0.66 118 16 450.84 0.09
863.74 1327.08 0.64 119 16 -294.84 0.11
804.77 1242.68 0.66 120 16 124.65 0.10
831.53 1185.60 0.67 121 16 -273.04 0.11
822.81 1204.96 0.68 122 16 -42.33 0.10
822.17 1327.62 0.66 123 16 558.70 0.10
841.63 1247.85 0.66 124 16 0.95 0.10
813.25 1214.86 0.67 125 16 411.94 0.10
844.90 1229.48 0.65 126 16 -0.68 0.10
828.26 1162.51 0.67 127 16 174.51 0.09
917.64 1395.41 0.64 128 16 126.24 0.10
844.75 1428.50 0.68 129 16 272.06 0.09
864.71 1253.48 0.69 130 16 -176.72 0.11
868.24 1203.70 0.67 131 16 187.61 0.11
869.48 1293.53 0.67 132 16 354.43 0.09
882.59 1552.87 0.66 133 16 770.03 0.09
879.10 1359.61 0.69 134 16 -41.66 0.10
923.85 1595.51 0.66 135 16 41.18 0.12
902.96 1307.62 0.66 136 16 -151.63 0.11
920.70 1315.28 0.68 137 16 88.51 0.10
921.83 1428.94 0.68 138 16 225.30 0.10
904.80 1237.09 0.69 139 16 -30.32 0.10
898.17 1397.93 0.66 140 16 -147.24 0.12
926.40 1294.24 0.66 141 16 145.83 0.11
950.36 1282.37 0.68 142 16 -289.09 0.11
886.52 1355.12 0.68 143 16 188.41 0.10
984.94 1599.48 0.65 144 16 501.74 0.10
988.15 1563.94 0.65 145 16 -160.01 0.12
975.39 1545.30 0.68 146 16 307.23 0.10
927.83 1380.82 0.67 147 16 371.89 0.10
939.79 1306.13 0.68 148 16 34.30 0.10
959.56 1422.44 0.69 149 16 -20.14 0.11
957.62 1362.45 0.68 150 16 214.46 0.11
959.88 1363.40 0.68 151 16 -705.42 0.12
994.85 1426.88 0.67 152 16 -61.91 0.11
990.13 1441.72 0.68 153 16 10.91 0.11
987.93 1352.66 0.71 154 16 -720.10 0.11
1003.73 1350.49 0.66 155 16 194.78 0.11
986.70 1526.74 0.67 156 16 538.45 0.10
1039.18 1566.51 0.68 157 16 200.60 0.10
999.79 1590.50 0.66 158 16 354.52 0.11
986.48 1444.38 0.68 159 16 -173.64 0.11
979.17 1478.69 0.68 160 16 373.22 0.11
1034.39 1522.30 0.68 161 16 -265.30 0.11
1047.18 1592.66 0.69 162 16 -236.74 0.11
1041.05 1537.97 0.67 163 16 93.98 0.11
1011.71 1427.87 0.66 164 16 -79.37 0.12
1047.78 1639.10 0.67 165 16 102.59 0.11
1015.02 1425.45 0.70 166 16 -285.11 0.11
1044.27 1503.48 0.68 167 16 -77.42 0.11
1082.20 1398.47 0.68 168 16 -64.77 0.11
1084.92 1497.84 0.70 169 16 -165.17 0.11
1052.51 1567.83 0.71 170 16 -784.40 0.12
1060.65 1618.48 0.67 171 16 134.97 0.11
1060.16 1730.56 0.68 172 16 495.40 0.10
1087.66 1686.16 0.70 173 16 -264.33 0.11
1086.03 1596.76 0.68 174 16 -597.73 0.12
1079.01 1792.27 0.67 175 16 230.19 0.11
1133.37 1583.74 0.68 176 16 -436.14 0.12
1101.53 1739.74 0.69 177 16 -684.97 0.12
1157.76 1570.28 0.70 178 16 74.05 0.11
1172.27 1941.12 0.69 179 16 -59.59 0.11
1116.19 1601.59 0.67 180 16 -314.60 0.12
1122.05 1539.83 0.70 181 16 -938.43 0.12
1116.19 1729.71 0.67 182 16 129.21 0.11
1114.86 1755.47 0.70 183 16 -92.57 0.11
1120.59 1636.61 0.70 184 16 -635.32 0.13
1169.28 1815.88 0.69 185 16 -255.76 0.11
1162.76 1667.02 0.70 186 16 -154.65 0.12
1154.14 1549.06 0.67 187 16 -158.92 0.12
1213.45 1976.47 0.66 188 16 -283.85 0.12
1157.50 1641.63 0.68 189 16 403.78 0.11
1146.49 1946.34 0.68 190 16 -122.83 0.12
1146.63 1652.91 0.68 191 16 -227.23 0.12
1237.29 1781.70 0.69 192 16 -77.23 0.11
1169.73 1707.58 0.71 193 16 -488.17 0.11
1186.59 1685.15 0.67 194 16 100.24 0.12
1240.40 1824.74 0.68 195 16 -215.26 0.12
1198.84 1734.39 0.68 196 16 -477.72 0.12
1232.48 1810.89 0.69 197 16 -621.78 0.12
1194.99 1907.00 0.69 198 16 -488.70 0.13
1241.72 1742.21 0.70 199 16 -140.62 0.11
1227.19 1575.89 0.71 200 16 -604.75 0.11
1248.84 1652.17 0.70 201 16 -442.23 0.12
1220.17 1869.62 0.70 202 16 -54.76 0.11
1206.21 1733.13 0.69 203 16 -610.28 0.13
1247.89 1738.30 0.69 204 16 -797.66 0.12
1219.89 1691.31 0.70 205 16 -383.22 0.12
1223.93 1854.00 0.70 206 16 -2.86 0.12
1319.84 1905.80 0.70 207 16 -889.63 0.12
1261.77 1789.57 0.69 208 16 -1133.75 0.13
1295.10 1789.09 0.69 209 16 -884.60 0.12
1243.09 1804.71 0.71 210 16 -579.27 0.12
1297.66 1926.33 0.68 211 16 -408.62 0.13
1290.74 1852.94 0.70 212 16 -216.45 0.11
1322.92 1900.12 0.69 213 16 -649.65 0.13
1263.23 1993.98 0.69 214 16 -433.60 0.11
1284.67 1961.43 0.70 215 16 -939.00 0.13
1279.33 1898.32 0.70 216 16 -535.64 0.13
1349.26 2030.75 0.71 217 16 -1.66 0.12
1306.75 1939.34 0.70 218 16 -400.84 0.12
1361.59 1919.10 0.69 219 16 -670.02 0.12
1353.04 1914.48 0.70 220 16 -805.23 0.13
1344.01 1924.75 0.70 221 16 -798.25 0.12
1325.13 1884.99 0.71 222 16 -766.17 0.12
1335.56 1934.38 0.70 223 16 -311.48 0.12
1346.46 1957.42 0.70 224 16 -1020.64 0.12
1346.05 1948.97 0.69 225 16 -354.17 0.13
1351.01 1872.27 0.71 226 16 -1118.92 0.12
1379.43 2165.21 0.71 227 16 -244.90 0.12
1335.35 1975.58 0.71 228 16 -875.75 0.12
1370.46 1829.15 0.71 229 16 -599.36 0.13
1378.26 2150.87 0.71 230 16 -268.90 0.12
1352.95 2017.27 0.71 231 16 -684.71 0.13
1382.13 2033.30 0.70 232 16 -898.47 0.12
1408.59 1891.31 0.70 233 16 -1217.09 0.14
1414.14 2025.79 0.72 234 16 -1107.67 0.13
1381.12 2096.12 0.71 235 16 -576.70 0.12
1409.44 1931.07 0.70 236 16 -209.38 0.11
1406.19 1956.65 0.71 237 16 -540.15 0.12
1415.34 2045.55 0.70 238 16 -800.03 0.13
1407.23 1913.89 0.71 239 16 -1167.06 0.13
1379.61 2062.82 0.70 240 16 -926.83 0.13
1462.02 2007.91 0.69 241 16 -628.07 0.13
1376.26 1965.11 0.71 242 16 -385.42 0.11
1484.26 1928.11 0.71 243 16 -815.99 0.12
1462.73 2035.59 0.71 244 16 -730.25 0.12
1434.05 2125.56 0.70 245 16 206.24 0.12
1438.36 1902.08 0.72 246 16 -907.88 0.12
1506.98 2114.03 0.71 247 16 -1062.05 0.12
1468.85 1977.31 0.71 248 16 -739.80 0.13
1472.67 2138.53 0.72 249 16 -881.13 0.13
1497.95 2205.22 0.70 250 16 -1389.66 0.13
1479.75 2138.08 0.71 251 16 -453.88 0.12
1467.78 2100.34 0.70 252 16 -1188.29 0.13
1531.21 2161.07 0.69 253 16 -1328.02 0.14
1447.29 2236.50 0.71 254 16 -864.83 0.13
1474.51 1891.40 0.72 255 16 -1101.56 0.12
1506.22 2116.19 0.70 256 16 -1403.01 0.14
1541.50 2158.77 0.71 257 16 -1017.64 0.12
1463.47 2028.13 0.72 258 16 -1193.28 0.13
1554.63 2118.11 0.70 259 16 -573.14 0.14
1475.91 2065.08 0.72 260 16 -1247.78 0.13
1524.00 2096.15 0.71 261 16 -1391.47 0.14
1488.53 2002.78 0.70 262 16 -759.27 0.13
1535.64 2268.27 0.70 263 16 -1179.30 0.13
1560.24 1965.57 0.69 264 16 -1255.87 0.14
1608.53 2387.49 0.70 265 16 -1296.48 0.13
1553.19 2241.77 0.70 266 16 -926.12 0.14
1570.54 2215.59 0.72 267 16 -1655.81 0.13
1598.78 2249.61 0.70 268 16 -1132.64 0.13
1613.55 2466.94 0.70 269 16 -779.62 0.13
1595.74 2491.88 0.70 270 16 -1271.95 0.14
1611.46 2241.41 0.70 271 16 -1025.79 0.13
1564.72 2169.57 0.72 272 16 -1233.75 0.14
1561.52 2370.68 0.71 273 16 -855.19 0.13
1610.77 2412.38 0.71 274 16 -1114.95 0.13
1607.83 2388.22 0.71 275 16 -796.16 0.13
1665.53 2172.99 0.72 276 16 -1222.44 0.13
1590.39 2165.07 0.71 277 16 -890.63 0.13
1602.66 2313.44 0.71 278 16 -641.32 0.13
1649.24 2320.85 0.71 279 16 -933.24 0.13
1626.93 2505.39 0.71 280 16 -672.50 0.13
1648.77 2277.49 0.71 281 16 -496.33 0.13
1594.40 2223.49 0.71 282 16 -1263.57 0.14
1697.80 2453.09 0.72 283 16 -1293.41 0.13
1629.17 2319.51 0.71 284 16 -1363.24 0.14
1641.27 2086.28 0.70 285 16 -805.33 0.14
1717.24 2277.29 0.72 286 16 -1471.59 0.13
1567.55 2165.77 0.71 287 16 -1028.77 0.14
1696.67 2595.05 0.71 288 16 -662.59 0.13
1675.42 2420.42 0.70 289 16 -1145.03 0.14
1731.73 2472.42 0.71 290 16 -1031.98 0.13
1662.63 2266.85 0.71 291 16 -927.44 0.12
1638.18 2173.99 0.72 292 16 -1247.87 0.13
1700.22 2495.63 0.71 293 16 -1306.96 0.14
1721.76 2223.85 0.71 294 16 -1519.75 0.14
1765.76 2487.26 0.70 295 16 -1153.35 0.14
1622.87 2459.88 0.72 296 16 -660.58 0.13
1738.88 2502.54 0.72 297 16 -1255.79 0.13
1784.98 2535.85 0.70 298 16 -1084.48 0.14
1719.27 2239.36 0.71 299 16 -1454.73 0.14
1741.96 2404.23 0.72 300 16 -1334.72 0.13
1727.18 2342.79 0.73 301 16 -1964.73 0.13
1765.62 2436.27 0.72 302 16 -1169.15 0.13
1745.23 2327.71 0.72 303 16 -1949.71 0.14
1776.96 2503.84 0.71 304 16 -2031.19 0.14
1729.97 2620.82 0.71 305 16 -896.10 0.14
1790.16 2647.23 0.72 306 16 -973.80 0.13
1802.70 2418.29 0.72 307 16 -1053.09 0.13
1810.10 2509.58 0.71 308 16 -1035.34 0.13
1833.71 2664.84 0.72 309 16 -1834.88 0.13
1766.09 2599.66 0.71 310 16 -1141.03 0.14
1830.79 2617.58 0.71 311 16 -931.97 0.14
1738.49 2325.24 0.73 312 16 -2316.31 0.14
1756.54 2660.46 0.72 313 16 -417.36 0.13
1842.76 2720.11 0.70 314 16 -1380.05 0.14
1783.70 2414.55 0.73 315 16 -1480.62 0.13
1778.81 2473.63 0.72 316 16 -1090.03 0.13
1780.53 2492.42 0.72 317 16 -1357.64 0.14
1800.38 2617.08 0.72 318 16 -1230.53 0.13
1872.42 2688.44 0.72 319 16 -1541.28 0.14
1850.44 2524.09 0.71 320 16 -1672.74 0.14
1833.04 2584.12 0.73 321 16 -1231.16 0.13
1912.53 2545.38 0.71 322 16 -1467.17 0.14
1893.40 2586.59 0.72 323 16 -1855.62 0.14
1870.14 2590.46 0.72 324 16 -1340.12 0.14
1847.36 3065.80 0.72 325 16 -358.87 0.13
1848.63 2607.91 0.73 326 16 -1064.19 0.13
1840.74 2624.02 0.72 327 16 -1165.14 0.14
1861.69 2651.22 0.72 328 16 -1129.85 0.13
1800.10 2421.67 0.72 329 16 -1836.94 0.15
1942.57 2640.07 0.73 330 16 -2250.41 0.14
1897.67 2582.10 0.73 331 16 -1724.41 0.14
1834.40 2345.20 0.73 332 16 -1574.29 0.13
1860.50 2801.16 0.71 333 16 -1560.76 0.15
1885.70 2661.18 0.73 334 16 -2174.70 0.14
1808.93 2472.93 0.73 335 16 -1623.91 0.13
1851.50 2455.51 0.73 336 16 -1184.57 0.13
1844.17 2606.20 0.71 337 16 -1266.38 0.14
1913.39 2634.37 0.73 338 16 -2179.55 0.13
1903.79 2526.39 0.73 339 16 -2103.49 0.14
1894.47 2731.82 0.72 340 16 -1698.33 0.14
1910.85 2638.25 0.73 341 16 -1723.32 0.14
1908.18 2774.36 0.72 342 16 -1044.38 0.13
1928.46 2713.17 0.71 343 16 -1206.46 0.14
2014.07 2808.98 0.72 344 16 -1997.87 0.14
1911.45 2760.27 0.72 345 16 -1318.64 0.15
1936.83 2490.49 0.72 346 16 -1441.88 0.14
1965.23 2859.12 0.72 347 16 -1704.48 0.13
1953.08 2621.99 0.72 348 16 -1594.52 0.13
1974.85 2585.66 0.72 349 16 -1809.77 0.14
1982.05 2975.99 0.73 350 16 -1865.85 0.14
1952.95 2843.10 0.72 351 16 -705.64 0.13
1998.93 2716.46 0.73 352 16 -1283.76 0.13
2026.96 2753.02 0.72 353 16 -943.57 0.13
2047.18 2897.31 0.72 354 16 -1730.33 0.14
2053.16 2607.14 0.72 355 16 -1933.07 0.14
1965.79 2686.89 0.72 356 16 -1847.88 0.14
2020.75 2824.30 0.72 357 16 -1274.64 0.14
2058.57 2889.56 0.72 358 16 -2169.81 0.14
1962.79 2650.44 0.72 359 16 -1638.07 0.14
2050.98 2679.64 0.72 360 16 -1919.69 0.14
1991.86 2794.84 0.72 361 16 -1121.49 0.14
2001.35 2797.65 0.72 362 16 -1432.05 0.14
2076.74 2916.38 0.71 363 16 -1862.56 0.14
2066.66 3157.34 0.72 364 16 -1738.45 0.15
2059.33 2961.91 0.72 365 16 -1945.81 0.13
1984.28 2749.92 0.71 366 16 -1741.34 0.14
2079.62 3043.05 0.72 367 16 -1758.09 0.14
2084.86 2967.05 0.73 368 16 -2268.56 0.14
2053.57 2713.10 0.72 369 16 -1643.89 0.14
2096.60 2909.29 0.73 370 16 -1693.31 0.14
2102.26 2870.86 0.73 371 16 -1732.67 0.13
2070.23 2670.76 0.73 372 16 -1779.41 0.13
2035.28 2631.75 0.73 373 16 -2184.08 0.14
2150.05 2966.61 0.73 374 16 -2127.26 0.14
2123.32 3028.59 0.72 375 16 -2014.62 0.15
2105.12 3100.29 0.72 376 16 -2097.30 0.15
2124.81 2845.30 0.73 377 16 -1993.91 0.13
2103.74 2685.22 0.73 378 16 -1857.71 0.14
2061.43 3008.53 0.72 379 16 -1594.84 0.14
2149.98 2855.26 0.73 380 16 -2046.07 0.13
2067.29 2787.36 0.73 381 16 -2192.18 0.14
2068.63 2892.15 0.73 382 16 -1800.70 0.13
2115.51 2804.58 0.73 383 16 -2189.41 0.14
2159.57 2784.23 0.73 384 16 -2097.02 0.14
2094.08 2685.69 0.74 385 16 -2626.58 0.14
2103.64 2672.99 0.73 386 16 -1852.90 0.13
2182.26 3221.15 0.73 387 16 -1429.15 0.13
2126.69 2962.11 0.73 388 16 -2755.32 0.15
2170.49 2950.43 0.73 389 16 -1680.27 0.14
2076.73 2836.59 0.72 390 16 -1893.88 0.15
2167.42 3234.58 0.72 391 16 -1531.80 0.14
2180.56 3256.52 0.73 392 16 -2091.47 0.14
2180.79 2840.99 0.73 393 16 -1845.68 0.14
2182.61 2867.11 0.73 394 16 -2375.80 0.14
2172.80 2714.56 0.73 395 16 -1851.61 0.14
2259.49 3220.30 0.73 396 16 -1984.61 0.15
2134.27 2793.41 0.73 397 16 -2006.77 0.14
2145.12 2902.03 0.73 398 16 -2022.20 0.15
2253.69 3108.41 0.73 399 16 -2435.36 0.13
2183.93 2937.88 0.72 400 16 -1464.71 0.14
2276.37 3078.66 0.73 401 16 -2280.07 0.14
2190.03 2915.80 0.73 402 16 -2211.16 0.14
2244.18 2964.58 0.73 403 16 -2341.53 0.14
2251.49 3065.78 0.72 404 16 -1621.69 0.14
2263.46 3044.01 0.71 405 16 -1968.57 0.15
2214.78 2750.27 0.74 406 16 -2638.59 0.15
2228.57 3043.52 0.72 407 16 -1397.19 0.14
2297.06 3029.64 0.73 408 16 -2615.86 0.14
2258.46 3338.98 0.73 409 16 -2507.46 0.14
2284.93 3160.16 0.73 410 16 -3328.65 0.14
2289.19 3017.99 0.74 411 16 -1715.73 0.13
2272.73 2962.34 0.73 412 16 -1875.62 0.14
2325.54 3043.15 0.74 413 16 -2184.75 0.14
2308.36 3514.66 0.73 414 16 -1839.76 0.13
2277.93 3266.37 0.74 415 16 -2976.50 0.14
2313.22 3041.44 0.73 416 16 -1662.77 0.14
2347.14 3037.93 0.73 417 16 -2802.91 0.15
2300.26 3124.43 0.74 418 16 -2996.06 0.14
2228.27 3011.48 0.73 419 16 -1487.69 0.14
2338.07 3005.15 0.73 420 16 -2086.04 0.14
2359.98 3580.83 0.73 421 16 -1286.49 0.13
2336.88 3003.71 0.73 422 16 -2000.35 0.14
2290.06 3186.73 0.73 423 16 -2116.53 0.14
2374.32 3301.35 0.73 424 16 -2539.54 0.15
2312.99 3345.71 0.74 425 16 -2890.74 0.15
2337.17 3186.56 0.73 426 16 -1467.30 0.14
2404.91 3183.80 0.72 427 16 -1606.62 0.13
2343.77 3183.39 0.73 428 16 -3696.85 0.15
2350.26 3326.89 0.73 429 16 -2041.90 0.13
2340.49 3261.36 0.74 430 16 -2192.28 0.14
2409.34 3246.98 0.73 431 16 -2143.62 0.14
2355.23 3232.64 0.73 432 16 -2460.48 0.15
2357.92 3395.42 0.72 433 16 -2056.05 0.14
2344.84 3372.49 0.72 434 16 -2632.83 0.15
2345.19 3238.36 0.74 435 16 -2128.45 0.14
2407.49 3388.46 0.74 436 16 -2507.77 0.14
2441.62 3324.04 0.73 437 16 -1946.97 0.14
2447.44 3600.13 0.73 438 16 -1905.25 0.14
2379.93 3044.79 0.73 439 16 -2332.01 0.14
2366.28 3211.91 0.74 440 16 -2199.15 0.14
2334.97 3208.55 0.73 441 16 -2708.56 0.15
2450.91 3302.07 0.74 442 16 -2605.99 0.14
2396.28 3380.90 0.73 443 16 -2299.43 0.14
2503.21 3100.14 0.74 444 16 -2935.25 0.14
2400.76 3178.91 0.73 445 16 -2686.76 0.15
2494.59 3329.07 0.73 446 16 -2053.55 0.14
2482.14 3271.02 0.73 447 16 -2084.80 0.14
2475.36 3308.65 0.73 448 16 -2564.67 0.14
2460.20 3287.08 0.74 449 16 -2464.35 0.15
2414.92 3089.15 0.74 450 16 -3019.95 0.15
2423.31 3103.76 0.75 451 16 -2501.05 0.14
2501.30 3288.23 0.73 452 16 -2510.00 0.15
2484.22 3388.37 0.73 453 16 -2803.95 0.16
2490.30 3431.54 0.74 454 16 -2364.47 0.14
2507.04 3375.62 0.74 455 16 -2318.46 0.15
2520.13 3232.55 0.74 456 16 -3264.64 0.14
2486.78 3188.28 0.73 457 16 -2674.93 0.15
2475.76 3085.50 0.74 458 16 -2010.39 0.14
2533.76 3440.27 0.73 459 16 -2700.74 0.14
2514.89 3467.33 0.74 460 16 -3177.75 0.15
2539.23 3443.48 0.73 461 16 -2473.00 0.14
2478.53 3528.45 0.74 462 16 -2890.77 0.15
2565.24 3412.36 0.73 463 16 -2467.28 0.14
2502.50 3367.40 0.74 464 16 -2475.86 0.14
2522.84 3286.95 0.73 465 16 -2352.80 0.15
2503.15 3351.84 0.74 466 16 -3196.18 0.15
2643.26 3471.43 0.73 467 16 -2190.09 0.14
2603.66 3478.82 0.74 468 16 -1934.41 0.15
2503.73 3175.10 0.74 469 16 -2429.97 0.14
2658.17 3533.85 0.74 470 16 -2277.93 0.13
2524.88 3338.38 0.73 471 16 -2335.82 0.14
2559.35 3472.57 0.74 472 16 -2331.17 0.15
2638.66 3472.69 0.73 473 16 -2829.28 0.15
2552.74 3495.78 0.74 474 16 -2581.54 0.14
2516.61 3312.44 0.73 475 16 -3155.88 0.15
2591.67 3297.35 0.74 476 16 -2664.88 0.14
2546.20 3384.02 0.74 477 16 -2335.39 0.14
2633.34 3511.79 0.75 478 16 -2288.92 0.13
2618.90 3618.13 0.74 479 16 -2409.36 0.15
2651.55 3576.79 0.73 480 16 -2524.60 0.15
2620.51 3747.35 0.73 481 16 -2336.83 0.14
2647.50 3723.46 0.73 482 16 -1466.06 0.13
2648.41 3597.44 0.73 483 16 -2869.39 0.15
2671.38 3359.97 0.73 484 16 -2544.25 0.15
2634.62 3625.11 0.74 485 16 -1859.42 0.14
2666.63 3548.97 0.74 486 16 -2663.80 0.14
2595.87 3342.55 0.73 487 16 -2726.77 0.15
2662.22 3503.50 0.74 488 16 -2972.21 0.15
2675.73 3547.20 0.74 489 16 -2896.65 0.14
2677.35 3277.16 0.74 490 16 -2586.47 0.14
2663.44 3686.87 0.74 491 16 -3051.11 0.15
2707.04 3440.03 0.75 492 16 -3707.13 0.15
2661.88 3451.79 0.74 493 16 -3250.10 0.15
2658.32 3538.45 0.73 494 16 -2502.74 0.15
2749.86 3554.29 0.74 495 16 -2974.15 0.14
2615.57 3296.36 0.73 496 16 -1905.11 0.14
2694.14 3560.09 0.73 497 16 -2388.83 0.14
2683.59 3311.79 0.73 498 16 -2726.37 0.14
2735.91 3539.33 0.74 499 16 -3104.08 0.14
2712.69 3892.79 0.74 500 16 -2689.70 0.15
2734.39 3725.27 0.73 501 16 -3881.79 0.16
2705.21 3817.32 0.74 502 16 -3061.61 0.15
2768.57 3518.00 0.74 503 16 -2154.64 0.14
2800.35 3664.05 0.74 504 16 -2698.63 0.14
2747.98 3697.06 0.73 505 16 -2330.10 0.14
2815.12 3708.79 0.73 506 16 -2896.90 0.15
2705.00 3749.89 0.73 507 16 -2740.20 0.15
2782.03 3593.39 0.74 508 16 -3368.98 0.14
2794.93 4077.41 0.74 509 16 -2600.76 0.14
2812.54 3828.05 0.74 510 16 -3313.29 0.15
2707.08 3620.72 0.74 511 16 -3130.74 0.15
2781.87 3696.26 0.75 512 16 -3047.61 0.14
2752.49 3764.15 0.74 513 16 -2042.31 0.14
2787.43 3888.03 0.74 514 16 -1838.21 0.14
2815.82 3645.95 0.74 515 16 -3035.56 0.14
2895.72 3628.13 0.74 516 16 -2822.80 0.14
2768.40 3548.49 0.74 517 16 -3413.29 0.15
2836.19 3798.60 0.74 518 16 -2639.97 0.15
2772.43 3728.65 0.74 519 16 -1884.73 0.14
2821.48 3889.00 0.74 520 16 -2336.24 0.14
2842.17 3675.26 0.74 521 16 -3611.14 0.15
2807.57 3577.04 0.73 522 16 -3579.90 0.15
2882.45 3944.77 0.75 523 16 -3114.24 0.14
2860.41 3633.93 0.74 524 16 -3480.64 0.15
2863.02 3882.43 0.73 525 16 -3874.67 0.15
2899.60 3862.40 0.75 526 16 -3431.85 0.15
2806.27 3765.88 0.75 527 16 -3042.68 0.14
2889.36 3596.36 0.75 528 16 -3288.34 0.14
2823.07 3731.40 0.75 529 16 -2595.76 0.14
2821.45 3772.09 0.74 530 16 -3605.35 0.15
2850.22 3537.66 0.74 531 16 -3067.07 0.16
2872.00 3777.87 0.75 532 16 -4018.87 0.15
2988.28 3961.03 0.74 533 16 -2993.40 0.15
2881.93 3987.13 0.73 534 16 -2344.82 0.14
2846.55 3806.97 0.74 535 16 -2176.83 0.14
2953.51 4150.98 0.74 536 16 -2898.19 0.15
2895.60 3926.20 0.75 537 16 -2427.69 0.15
2885.31 3885.03 0.74 538 16 -3256.69 0.15
2926.02 3581.14 0.74 539 16 -2684.38 0.14
2932.75 3842.13 0.73 540 16 -3167.82 0.15
2918.54 3853.49 0.74 541 16 -3120.25 0.15
2889.13 3975.16 0.74 542 16 -2176.57 0.14
2937.15 3685.05 0.74 543 16 -4436.02 0.16
2921.13 3788.73 0.75 544 16 -3121.07 0.14
2892.39 3879.59 0.74 545 16 -2783.09 0.15
2944.67 4006.48 0.74 546 16 -2911.64 0.15
2904.64 3732.22 0.74 547 16 -2881.72 0.15
2987.03 4050.49 0.73 548 16 -3518.23 0.15
2935.54 3926.05 0.73 549 16 -2941.09 0.15
2941.23 4004.93 0.75 550 16 -2387.30 0.14
2946.50 3894.67 0.74 551 16 -3673.18 0.15
2920.31 4038.88 0.75 552 16 -2875.44 0.14
2971.96 4103.19 0.74 553 16 -3527.40 0.15
3049.77 3971.87 0.74 554 16 -4035.04 0.15
3013.69 4045.31 0.74 555 16 -4068.68 0.15
2964.01 4132.76 0.74 556 16 -2682.87 0.14
3065.21 4035.33 0.74 557 16 -2924.30 0.15
3032.92 4065.10 0.74 558 16 -3795.54 0.15
2963.59 3749.44 0.73 559 16 -1051.26 0.14
2978.51 4077.29 0.74 560 16 -2619.16 0.15
2962.72 3772.02 0.75 561 16 -3605.57 0.15
3029.98 3937.22 0.75 562 16 -3726.90 0.14
3004.93 3857.23 0.74 563 16 -2911.25 0.15
3000.14 3738.93 0.74 564 16 -3265.06 0.14
2980.93 3860.78 0.74 565 16 -4328.04 0.16
2952.51 4264.61 0.74 566 16 -3306.84 0.15
3011.68 4082.41 0.74 567 16 -2563.03 0.15
3117.91 4332.33 0.73 568 16 -3333.37 0.15
3106.02 4001.48 0.74 569 16 -4461.17 0.15
3050.06 3994.14 0.74 570 16 -3557.08 0.15
3082.67 4001.20 0.75 571 16 -2863.35 0.14
3124.71 4059.46 0.74 572 16 -3328.38 0.16
3093.56 4093.47 0.74 573 16 -3516.18 0.15
3129.37 4064.21 0.74 574 16 -3757.25 0.15
3130.82 3948.71 0.74 575 16 -3059.10 0.15
3127.06 4224.24 0.74 576 16 -3881.83 0.15
3081.22 4056.72 0.74 577 16 -2927.25 0.15
3122.16 3944.17 0.74 578 16 -3170.05 0.15
3075.64 3977.98 0.75 579 16 -4190.02 0.15
3187.07 4135.48 0.75 580 16 -3817.01 0.15
3133.72 4055.85 0.74 581 16 -3767.84 0.15
3168.64 4253.97 0.74 582 16 -2902.77 0.14
3121.22 4430.02 0.74 583 16 -3476.94 0.15
3198.57 4258.20 0.74 584 16 -3262.38 0.15
3132.22 3756.56 0.74 585 16 -4690.28 0.16
3120.93 4448.86 0.75 586 16 -2800.31 0.14
3167.10 4285.55 0.75 587 16 -2988.98 0.15
3172.79 4198.21 0.75 588 16 -3565.49 0.14
3165.66 4212.76 0.74 589 16 -3987.00 0.15
3135.87 3893.87 0.75 590 16 -3293.95 0.15
3165.67 4132.21 0.74 591 16 -3748.48 0.15
3185.24 4173.34 0.74 592 16 -3819.20 0.15
3237.96 4198.94 0.75 593 16 -4372.80 0.15
3206.10 4087.93 0.74 594 16 -2477.01 0.15
3187.76 4114.35 0.74 595 16 -3685.61 0.15
3162.21 3998.92 0.75 596 16 -2978.64 0.14
3122.32 4075.20 0.75 597 16 -3297.49 0.15
3245.52 4500.42 0.74 598 16 -2954.93 0.15
3267.97 4190.01 0.74 599 16 -3579.56 0.15
3242.78 4366.98 0.74 600 16 -3439.62 0.15
3274.74 4201.81 0.75 601 16 -2907.70 0.14
3224.33 4497.04 0.73 602 16 -2632.00 0.15
3199.31 4423.28 0.75 603 16 -3603.78 0.15
3270.79 4102.86 0.74 604 16 -3789.95 0.16
3245.26 4241.62 0.75 605 16 -2976.75 0.14
3198.74 4218.68 0.74 606 16 -4038.30 0.15
3270.09 4212.80 0.74 607 16 -3246.78 0.15
3293.21 4332.12 0.74 608 16 -4386.94 0.15
3234.94 4194.81 0.74 609 16 -4046.22 0.15
3235.37 4138.72 0.74 610 16 -4215.83 0.15
3268.18 4216.05 0.74 611 16 -4179.52 0.16
3250.50 4333.88 0.75 612 16 -3635.75 0.14
3185.36 4025.59 0.75 613 16 -3940.05 0.15
3343.14 4469.21 0.74 614 16 -3419.15 0.15
3276.35 4071.89 0.75 615 16 -3945.86 0.15
3352.22 4461.30 0.75 616 16 -3107.68 0.15
3301.39 4296.64 0.75 617 16 -3350.47 0.14
3295.27 4493.70 0.74 618 16 -3049.54 0.14
3250.49 4487.37 0.74 619 16 -2822.76 0.15
3273.77 4549.35 0.75 620 16 -3654.68 0.15
3305.49 4597.66 0.74 621 16 -2565.62 0.15
3320.17 4544.37 0.74 622 16 -3590.80 0.15
3239.56 3982.61 0.74 623 16 -3205.35 0.14
3322.80 4258.90 0.74 624 16 -3255.92 0.15
3249.30 4523.31 0.75 625 16 -3823.47 0.15
3319.12 4355.07 0.75 626 16 -3531.01 0.15
3323.46 4175.56 0.75 627 16 -3464.32 0.14
3330.96 4250.67 0.75 628 16 -4041.89 0.15
3295.92 4293.29 0.75 629 16 -3470.75 0.15
3342.56 4337.60 0.75 630 16 -3678.73 0.15
3322.94 4417.33 0.75 631 16 -3040.08 0.14
3402.22 4398.92 0.75 632 16 -5238.21 0.16
3327.12 4296.22 0.76 633 16 -3819.64 0.15
3424.15 4371.48 0.76 634 16 -3511.69 0.15
3412.27 4536.72 0.74 635 16 -1755.30 0.14
3413.17 4598.10 0.75 636 16 -2576.35 0.15
3359.47 4482.58 0.75 637 16 -3183.07 0.14
3444.13 4551.28 0.74 638 16 -3753.32 0.15
3345.67 4439.56 0.74 639 16 -4304.54 0.16
3404.98 4579.02 0.75 640 16 -4456.43 0.15
3399.15 4253.68 0.75 641 16 -3727.24 0.15
3465.13 4646.75 0.75 642 16 -3991.36 0.16
3459.69 4491.96 0.75 643 16 -4554.83 0.15
3398.14 4706.52 0.74 644 16 -3691.25 0.15
3445.86 4491.03 0.75 645 16 -3805.83 0.15
3467.07 4659.67 0.75 646 16 -3115.58 0.14
3406.79 4216.69 0.76 647 16 -4346.08 0.15
3472.91 4622.35 0.74 648 16 -2378.68 0.14
3355.29 4441.35 0.74 649 16 -4003.41 0.15
3410.33 4496.79 0.74 650 16 -4281.97 0.15
3441.06 4451.17 0.75 651 16 -3881.65 0.14
3392.59 4315.27 0.74 652 16 -3783.10 0.15
3502.88 4609.08 0.75 653 16 -3866.65 0.15
3493.14 4362.53 0.75 654 16 -4485.94 0.15
3521.74 4431.51 0.75 655 16 -3298.72 0.15
3413.58 4692.26 0.75 656 16 -3009.49 0.15
3505.11 4510.00 0.75 657 16 -3278.35 0.14
3518.30 4731.40 0.75 658 16 -3160.40 0.15
3427.53 4643.73 0.75 659 16 -2741.11 0.14
3426.26 4299.96 0.75 660 16 -3803.16 0.15
3502.26 4613.47 0.75 661 16 -3514.07 0.15
3487.47 4427.00 0.75 662 16 -4604.74 0.15
3467.10 4623.55 0.75 663 16 -4000.59 0.15
3517.03 4476.56 0.75 664 16 -4099.12 0.15
3549.34 4550.32 0.74 665 16 -3242.66 0.15
3508.44 4539.89 0.74 666 16 -2917.46 0.15
3600.17 4587.53 0.74 667 16 -3527.56 0.15
3486.43 4746.99 0.75 668 16 -2135.21 0.14
3550.76 4459.02 0.75 669 16 -3877.87 0.15
3552.73 4793.11 0.75 670 16 -3082.37 0.14
3569.48 4576.76 0.75 671 16 -3736.43 0.15
3539.75 4392.79 0.75 672 16 -4518.36 0.15
3566.43 4761.02 0.75 673 16 -4669.07 0.16
3635.64 4910.79 0.75 674 16 -3139.61 0.14
3612.31 4585.97 0.74 675 16 -4245.98 0.15
3540.45 4466.15 0.76 676 16 -4697.75 0.14
3640.28 4685.61 0.75 677 16 -4447.96 0.15
3580.28 4624.97 0.75 678 16 -3533.33 0.15
3614.06 4919.17 0.75 679 16 -4626.23 0.15
3664.76 4765.91 0.76 680 16 -3265.72 0.14
3566.38 4599.51 0.75 681 16 -3570.66 0.15
3635.84 4558.74 0.75 682 16 -3917.10 0.15
3632.16 4781.21 0.75 683 16 -4343.94 0.15
3527.02 4616.31 0.75 684 16 -3017.11 0.15
3606.93 4806.86 0.75 685 16 -3910.40 0.15
3688.13 4870.57 0.74 686 16 -4685.72 0.15
3582.35 4552.75 0.75 687 16 -4034.97 0.14
3664.52 4719.18 0.75 688 16 -3815.13 0.15
3681.61 4962.99 0.75 689 16 -4330.65 0.15
3614.18 4632.02 0.74 690 16 -3229.97 0.15
3713.10 5224.14 0.75 691 16 -4033.84 0.15
3692.43 4886.31 0.75 692 16 -3651.03 0.15
3615.76 4788.36 0.75 693 16 -3368.54 0.15
3667.76 4776.82 0.75 694 16 -4204.94 0.15
3730.16 4842.28 0.75 695 16 -4880.24 0.16
3648.85 4799.90 0.75 696 16 -4104.50 0.16
3675.80 4598.93 0.76 697 16 -5586.19 0.15
3692.19 4906.51 0.75 698 16 -3839.20 0.15
3631.26 4560.48 0.76 699 16 -4322.77 0.15
3772.17 4926.17 0.75 700 16 -4096.76 0.14
3559.89 4738.93 0.75 701 16 -3769.97 0.15
3676.18 4825.50 0.75 702 16 -4243.51 0.15
3742.47 4803.71 0.75 703 16 -4687.19 0.15
3683.50 4564.43 0.75 704 16 -3234.87 0.15
3805.29 4911.43 0.75 705 16 -3380.06 0.14
3819.04 4734.61 0.75 706 16 -4752.19 0.15
3737.30 4730.96 0.74 707 16 -3909.44 0.15
3801.84 4908.59 0.76 708 16 -4744.79 0.15
3712.71 4661.97 0.75 709 16 -3666.96 0.15
3752.38 4914.28 0.75 710 16 -4408.51 0.15
3762.28 4661.08 0.76 711 16 -5250.22 0.15
3805.38 4946.84 0.75 712 16 -4777.45 0.16
3771.94 4915.90 0.75 713 16 -4313.66 0.15
3707.11 4952.72 0.75 714 16 -4825.55 0.15
3738.40 4902.67 0.75 715 16 -4410.42 0.15
3793.06 4741.60 0.76 716 16 -4581.10 0.15
3806.32 4960.49 0.74 717 16 -5072.46 0.16
3818.22 5110.41 0.75 718 16 -3629.34 0.15
3764.02 4648.80 0.76 719 16 -4491.97 0.15
3833.41 5174.69 0.76 720 16 -5297.85 0.15
3853.69 5004.58 0.75 721 16 -3999.21 0.15
3799.21 4916.68 0.75 722 16 -3649.98 0.15
3835.17 5113.97 0.75 723 16 -3461.59 0.15
3877.76 5492.54 0.75 724 16 -3916.81 0.15
3904.77 5021.26 0.74 725 16 -4364.45 0.15
3779.00 5050.03 0.75 726 16 -3682.39 0.15
3838.54 5111.04 0.74 727 16 -4736.57 0.16
3796.34 4797.84 0.75 728 16 -3862.48 0.15
3859.97 4857.45 0.75 729 16 -4173.47 0.15
3893.85 5030.65 0.76 730 16 -5422.76 0.15
3896.71 5131.64 0.75 731 16 -3323.40 0.15
3885.05 4725.17 0.75 732 16 -4805.84 0.15
3871.65 4860.15 0.75 733 16 -4177.02 0.15
3923.15 4760.05 0.75 734 16 -4955.16 0.16
3835.54 4856.33 0.75 735 16 -4952.33 0.15
3888.52 4700.65 0.75 736 16 -4837.78 0.15
3854.32 5060.00 0.76 737 16 -4400.27 0.14
3867.22 4960.55 0.75 738 16 -3868.05 0.15
3902.99 4885.65 0.75 739 16 -4062.24 0.15
3891.07 4760.00 0.76 740 16 -3606.11 0.14
3915.62 4966.37 0.75 741 16 -3893.51 0.15
3823.50 4747.21 0.75 742 16 -4339.70 0.15
3932.35 5001.94 0.75 743 16 -4055.75 0.15
3942.39 5187.96 0.76 744 16 -3689.27 0.14
3973.71 5042.02 0.75 745 16 -4083.94 0.15
3865.94 4794.54 0.75 746 16 -3498.86 0.15
3976.15 5294.31 0.75 747 16 -4797.33 0.15
3971.55 5201.95 0.75 748 16 -3592.79 0.15
3908.00 5203.48 0.75 749 16 -4001.69 0.15
4022.82 5192.27 0.75 750 16 -3968.59 0.15
3875.27 5060.27 0.75 751 16 -3959.69 0.15
3991.55 5234.18 0.75 752 16 -3658.45 0.15
3964.84 5297.63 0.75 753 16 -4972.92 0.15
3981.87 5100.98 0.75 754 16 -4925.89 0.15
3965.18 5202.59 0.76 755 16 -4436.46 0.15
3985.49 5037.43 0.76 756 16 -4341.34 0.15
3989.26 5157.64 0.75 757 16 -4062.55 0.15
3994.25 5234.84 0.75 758 16 -3729.03 0.15
4066.05 5328.99 0.75 759 16 -5129.02 0.15
4067.48 5115.79 0.75 760 16 -5568.16 0.15
3902.45 4942.39 0.75 761 16 -5869.90 0.15
4002.50 4934.13 0.75 762 16 -4504.68 0.15
3986.51 4995.76 0.75 763 16 -4456.18 0.15
4065.97 5162.25 0.76 764 16 -5150.66 0.14
4017.10 5040.30 0.76 765 16 -3640.96 0.14
3997.23 5356.27 0.75 766 16 -4512.81 0.16
3983.97 5165.24 0.76 767 16 -3844.42 0.15
4006.57 5027.95 0.76 768 16 -5026.46 0.15
4019.66 4857.27 0.75 769 16 -4655.99 0.15
4030.69 5191.98 0.75 770 16 -4234.57 0.15
4071.37 5099.02 0.75 771 16 -4277.46 0.15
4078.92 5188.51 0.76 772 16 -5095.36 0.15
3932.91 5123.54 0.75 773 16 -4554.73 0.15
4053.37 5440.12 0.75 774 16 -3400.85 0.14
4112.87 5326.76 0.76 775 16 -5051.03 0.15
4014.11 5216.37 0.75 776 16 -4332.17 0.16
4039.13 4962.86 0.75 777 16 -6465.18 0.16
4179.78 5168.00 0.76 778 16 -5072.02 0.15
4107.52 5635.38 0.75 779 16 -5177.96 0.16
4245.29 5645.98 0.75 780 16 -4359.24 0.15
4085.96 4942.54 0.75 781 16 -5332.60 0.15
4079.65 5438.65 0.75 782 16 -5283.63 0.15
4183.37 5435.12 0.76 783 16 -4551.26 0.15
4112.26 5145.80 0.75 784 16 -4349.52 0.15
4170.02 5100.36 0.76 785 16 -3701.50 0.14
4135.54 5536.63 0.75 786 16 -4346.96 0.15
4061.94 5193.16 0.76 787 16 -4894.63 0.15
4175.60 5344.74 0.76 788 16 -5009.74 0.15
4082.06 5500.11 0.76 789 16 -4320.46 0.15
4126.54 5177.26 0.75 790 16 -5119.63 0.15
4203.53 5339.86 0.76 791 16 -5230.69 0.15
4166.11 5443.95 0.75 792 16 -5734.43 0.15
4147.43 5050.04 0.75 793 16 -5626.07 0.15
4150.35 5489.99 0.76 794 16 -5008.05 0.15
4211.75 5279.12 0.75 795 16 -5325.69 0.15
4104.94 5323.53 0.76 796 16 -5162.44 0.16
4184.90 5202.93 0.76 797 16 -5202.94 0.15
4148.14 5206.94 0.75 798 16 -5018.56 0.15
4099.36 5423.43 0.76 799 16 -4650.23 0.15
4215.38 5359.08 0.76 800 16 -5441.61 0.15
4115.51 5228.38 0.75 801 16 -4531.95 0.15
4221.48 5280.68 0.76 802 16 -4970.37 0.15
4169.79 5293.47 0.76 803 16 -4062.48 0.15
4185.45 5300.58 0.75 804 16 -4899.67 0.16
4200.70 5400.46 0.75 805 16 -4878.93 0.15
4276.36 5681.85 0.76 806 16 -6545.02 0.15
4243.80 5294.13 0.76 807 16 -5050.63 0.15
4309.23 5401.94 0.76 808 16 -6536.63 0.16
4178.79 5201.66 0.76 809 16 -5182.01 0.15
4240.19 5184.77 0.76 810 16 -4020.69 0.15
4208.23 5315.44 0.76 811 16 -7047.93 0.15
4254.41 5313.69 0.76 812 16 -5941.63 0.16
4200.07 5405.49 0.77 813 16 -5601.03 0.15
4347.61 5592.40 0.75 814 16 -4692.67 0.15
4203.42 5325.28 0.76 815 16 -4163.94 0.15
4303.97 5465.13 0.75 816 16 -5793.35 0.15
4316.93 5528.80 0.76 817 16 -5049.62 0.15
4331.93 5798.01 0.75 818 16 -4627.42 0.15
4247.87 5415.25 0.76 819 16 -5288.14 0.15
4337.73 5592.05 0.76 820 16 -5194.18 0.15
4330.12 5640.23 0.75 821 16 -5167.12 0.15
4363.99 5625.88 0.75 822 16 -4951.34 0.15
4379.98 5854.36 0.76 823 16 -4765.67 0.15
4281.91 5232.45 0.76 824 16 -4628.97 0.15
4288.60 5462.43 0.75 825 16 -6006.35 0.16
4338.09 5400.02 0.76 826 16 -5457.91 0.15
4389.47 5943.46 0.75 827 16 -6001.16 0.15
4308.05 5350.48 0.76 828 16 -4509.44 0.15
4322.16 5517.89 0.76 829 16 -5118.32 0.15
4303.72 5491.04 0.76 830 16 -5547.46 0.15
4313.72 5279.61 0.75 831 16 -4549.72 0.15
4412.62 5516.46 0.75 832 16 -5989.06 0.16
4278.09 5321.88 0.77 833 16 -5639.02 0.15
4385.23 5419.41 0.77 834 16 -5044.61 0.14
4469.53 5646.33 0.75 835 16 -6001.30 0.15
4385.74 5387.35 0.76 836 16 -5405.66 0.15
4437.90 5542.04 0.75 837 16 -4373.23 0.15
4418.44 5455.47 0.76 838 16 -5605.75 0.16
4374.23 5694.20 0.75 839 16 -6940.10 0.16
4415.77 5459.21 0.76 840 16 -5454.11 0.15
4376.97 5842.43 0.76 841 16 -4443.09 0.15
4504.94 5974.32 0.76 842 16 -3572.28 0.15
4381.55 5529.62 0.76 843 16 -5243.05 0.15
4417.26 5487.33 0.76 844 16 -5171.86 0.15
4455.83 5444.27 0.75 845 16 -4290.50 0.15
4462.44 5652.50 0.75 846 16 -5551.61 0.16
4370.66 5329.97 0.76 847 16 -6302.00 0.15
4472.05 5761.17 0.76 848 16 -5536.73 0.15
4450.81 5677.76 0.76 849 16 -5195.03 0.15
4426.26 5576.76 0.76 850 16 -4942.11 0.15
4469.76 5577.29 0.75 851 16 -4871.02 0.15
4463.58 5482.75 0.76 852 16 -5095.75 0.15
4439.73 5361.84 0.76 853 16 -5403.66 0.15
4462.77 5625.91 0.76 854 16 -5700.73 0.15
4510.80 5732.93 0.76 855 16 -6089.65 0.15
4503.28 5915.52 0.76 856 16 -5021.14 0.15
4372.77 5578.37 0.76 857 16 -5972.62 0.15
4433.70 5727.75 0.76 858 16 -3910.04 0.15
4534.08 5781.08 0.76 859 16 -6476.58 0.15
4470.81 5548.60 0.76 860 16 -6144.23 0.15
4469.44 5491.58 0.76 861 16 -5404.41 0.15
4510.15 6060.42 0.76 862 16 -5118.66 0.15
4569.83 5709.08 0.76 863 16 -6423.26 0.15
4523.14 5962.32 0.76 864 16 -4617.28 0.15
4428.60 5539.02 0.76 865 16 -5865.38 0.15
4557.09 5804.13 0.75 866 16 -4716.53 0.15
4622.18 5882.55 0.76 867 16 -5670.07 0.16
4484.17 5539.13 0.76 868 16 -4968.19 0.15
4477.47 5676.80 0.77 869 16 -4803.79 0.14
4521.94 5827.39 0.75 870 16 -5272.09 0.15
4494.59 5703.56 0.76 871 16 -5561.01 0.16
4508.22 5821.96 0.76 872 16 -4576.23 0.15
4608.87 6004.78 0.76 873 16 -5987.77 0.15
4495.49 5795.16 0.76 874 16 -5448.51 0.15
4549.26 5824.44 0.77 875 16 -4388.93 0.14
4624.26 5988.58 0.76 876 16 -4581.92 0.15
4574.80 5805.16 0.76 877 16 -5015.70 0.15
4560.14 5866.45 0.76 878 16 -5456.47 0.15
4655.31 5923.52 0.75 879 16 -4827.97 0.16
4605.48 5870.75 0.77 880 16 -6116.90 0.15
4633.86 6135.50 0.76 881 16 -5322.14 0.14
4510.43 5957.34 0.76 882 16 -5648.73 0.15
4610.41 5942.06 0.76 883 16 -5963.69 0.15
4674.08 5957.20 0.76 884 16 -4947.96 0.15
4605.31 5922.11 0.76 885 16 -5504.25 0.15
4569.54 5958.95 0.75 886 16 -5136.81 0.15
4621.63 5900.98 0.76 887 16 -6102.57 0.15
4589.53 5815.12 0.75 888 16 -4749.56 0.15
4597.08 5694.95 0.76 889 16 -6073.49 0.15
4697.06 5981.12 0.76 890 16 -6345.62 0.15
4540.70 5730.86 0.77 891 16 -6480.03 0.15
4608.96 6025.97 0.76 892 16 -4444.56 0.15
4615.32 5624.29 0.77 893 16 -6222.22 0.15
4606.05 6057.25 0.76 894 16 -5647.11 0.15
4660.04 5998.43 0.76 895 16 -5972.53 0.15
4752.20 5964.63 0.76 896 16 -6402.41 0.15
4626.68 5758.06 0.75 897 16 -6221.60 0.15
4634.54 5843.39 0.76 898 16 -7094.43 0.16
4660.09 5930.25 0.76 899 16 -5170.86 0.15
4647.19 5689.18 0.76 900 16 -6465.15 0.15
4654.68 5703.74 0.76 901 16 -5593.58 0.15
4773.49 6201.81 0.77 902 16 -6119.50 0.15
4758.12 5895.32 0.76 903 16 -6180.16 0.15
4716.04 6524.36 0.76 904 16 -4672.71 0.15
4621.25 5840.32 0.76 905 16 -6738.77 0.16
4679.22 5810.60 0.76 906 16 -6379.16 0.16
4684.80 6055.46 0.76 907 16 -4513.21 0.15
4815.70 5998.83 0.76 908 16 -5585.27 0.15
4668.79 5856.43 0.76 909 16 -6765.27 0.16
4715.76 6109.67 0.76 910 16 -7252.17 0.16
4749.33 5942.57 0.76 911 16 -5057.27 0.15
4749.05 6357.48 0.76 912 16 -4672.59 0.15
4728.75 5737.94 0.77 913 16 -6304.60 0.15
4775.35 5696.68 0.76 914 16 -6088.08 0.16
4770.04 6062.87 0.76 915 16 -6416.86 0.16
4688.56 5762.25 0.75 916 16 -5117.07 0.15
4783.75 6059.13 0.76 917 16 -5882.88 0.15
4716.81 5851.26 0.76 918 16 -5828.82 0.15
4826.68 5926.72 0.76 919 16 -6019.49 0.15
4834.38 5945.14 0.75 920 16 -6268.64 0.16
4677.60 5783.32 0.75 921 16 -5888.16 0.16
4754.34 6035.94 0.77 922 16 -6252.09 0.15
4837.92 6320.39 0.76 923 16 -4966.32 0.14
4802.95 5955.87 0.76 924 16 -5625.78 0.15
4780.25 6116.92 0.76 925 16 -6417.13 0.16
4756.68 6108.11 0.76 926 16 -6487.46 0.15
4870.89 6169.63 0.76 927 16 -6351.00 0.15
4888.25 6165.93 0.76 928 16 -7203.99 0.15
4849.35 6102.83 0.76 929 16 -5360.54 0.14
4905.80 6117.94 0.76 930 16 -5827.53 0.15
4827.57 6248.01 0.75 931 16 -6244.86 0.16
4880.36 6206.81 0.76 932 16 -6373.61 0.16
4887.96 6256.69 0.77 933 16 -6463.96 0.15
4915.13 6037.30 0.77 934 16 -7140.22 0.15
4840.60 6001.83 0.76 935 16 -6061.36 0.15
4816.55 6195.58 0.76 936 16 -6121.05 0.15
4855.18 6246.02 0.76 937 16 -6321.74 0.15
4894.96 6127.08 0.76 938 16 -5305.79 0.15
4798.16 6028.80 0.77 939 16 -6213.57 0.15
4879.05 6306.80 0.76 940 16 -5364.37 0.15
4946.29 6223.97 0.76 941 16 -5570.50 0.15
4871.79 6217.80 0.76 942 16 -5548.51 0.15
4896.56 6249.06 0.77 943 16 -6274.91 0.15
4917.14 5995.46 0.76 944 16 -5713.39 0.15
4812.11 6554.71 0.76 945 16 -5016.63 0.15
4907.78 6229.79 0.76 946 16 -5285.55 0.15
4940.04 6534.69 0.76 947 16 -5057.53 0.15
5020.73 6231.60 0.76 948 16 -6225.54 0.15
4814.50 5968.00 0.76 949 16 -4932.31 0.15
4967.66 6146.82 0.76 950 16 -6499.25 0.15
4856.61 6049.83 0.77 951 16 -4485.06 0.14
4914.43 6248.98 0.76 952 16 -4992.98 0.15
4873.21 5977.48 0.77 953 16 -7249.80 0.15
5011.54 5935.62 0.76 954 16 -5413.71 0.15
4984.05 6425.51 0.77 955 16 -5222.88 0.15
5017.08 6334.08 0.76 956 16 -6365.05 0.15
4933.94 6322.19 0.76 957 16 -6237.73 0.15
5050.48 6344.63 0.76 958 16 -6194.78 0.15
4949.55 5989.89 0.76 959 16 -6449.28 0.15
4968.32 6210.46 0.76 960 16 -6716.11 0.15
4979.69 6122.12 0.76 961 16 -6059.88 0.15
5013.24 6219.87 0.76 962 16 -5632.89 0.15
5082.96 6382.28 0.76 963 16 -6273.58 0.15
5033.83 6423.53 0.76 964 16 -6053.55 0.15
5047.86 6313.15 0.76 965 16 -5777.71 0.15
4971.52 6533.70 0.77 966 16 -5502.55 0.15
5034.59 6277.92 0.77 967 16 -5706.84 0.15
4893.86 6313.69 0.76 968 16 -5562.40 0.15
5042.51 6551.63 0.77 969 16 -6740.02 0.15
5059.02 6246.59 0.76 970 16 -6794.85 0.16
5016.35 5979.58 0.77 971 16 -6565.89 0.15
5067.15 6478.76 0.76 972 16 -5761.18 0.15
5094.54 6410.28 0.76 973 16 -6101.79 0.15
4927.71 6556.26 0.76 974 16 -5823.46 0.15
4974.39 6374.77 0.75 975 16 -6230.12 0.15
5041.65 6377.41 0.77 976 16 -5950.33 0.14
4974.93 6212.52 0.77 977 16 -5202.40 0.15
5052.79 6386.65 0.76 978 16 -5533.94 0.15
5040.33 6183.44 0.76 979 16 -6204.47 0.15
5132.16 6256.87 0.77 980 16 -7447.41 0.16
5035.85 6634.06 0.77 981 16 -6369.73 0.15
5114.86 6515.00 0.76 982 16 -5087.95 0.15
5005.22 6295.45 0.76 983 16 -5772.01 0.15
5044.61 6475.90 0.77 984 16 -5977.11 0.15
5164.84 6345.60 0.76 985 16 -5831.01 0.15
5168.34 6528.60 0.76 986 16 -7047.97 0.15
5114.66 6263.43 0.76 987 16 -6670.96 0.15
5094.07 6724.45 0.76 988 16 -5949.78 0.15
5146.32 6395.18 0.76 989 16 -6990.20 0.15
5140.99 6544.09 0.76 990 16 -6057.31 0.15
5170.42 6426.02 0.76 991 16 -6548.74 0.16
5095.81 6308.39 0.76 992 16 -4900.60 0.15
5102.36 6246.83 0.77 993 16 -6317.35 0.15
5157.57 6461.41 0.76 994 16 -7158.68 0.16
5191.13 6587.34 0.76 995 16 -6886.17 0.15
5126.76 6597.33 0.77 996 16 -6143.59 0.15
5172.39 6453.55 0.76 997 16 -5298.83 0.15
5107.07 6505.22 0.76 998 16 -5123.03 0.15
5092.13 6413.70 0.77 999 16 -5820.35 0.15
5153.31 6369.57 0.77 1000 16 -6255.36 0.14
5232.04 6573.89 0.76 1001 16 -7045.87 0.16
5221.74 6763.20 0.76 1002 16 -5075.90 0.15
5299.68 6613.71 0.76 1003 16 -5897.92 0.15
5151.96 6587.88 0.76 1004 16 -6309.40 0.15
5133.49 6130.02 0.76 1005 16 -6934.50 0.16
5088.00 6321.14 0.77 1006 16 -5408.71 0.15
5238.87 6358.73 0.76 1007 16 -6962.33 0.15
5225.73 6587.95 0.76 1008 16 -6350.45 0.15
5215.96 6362.70 0.76 1009 16 -6657.67 0.16
5243.71 6740.71 0.76 1010 16 -7738.77 0.16
5284.11 6440.21 0.77 1011 16 -7179.06 0.15
5252.73 6445.44 0.76 1012 16 -6569.14 0.16
5332.21 6719.07 0.76 1013 16 -6885.41 0.16
5178.75 6681.92 0.77 1014 16 -6530.68 0.15
5314.10 6764.66 0.76 1015 16 -6803.38 0.15
5278.51 6798.67 0.77 1016 16 -5416.38 0.14
5293.13 6782.92 0.77 1017 16 -6027.56 0.15
5224.15 6360.80 0.77 1018 16 -5883.58 0.15
5362.68 6826.16 0.77 1019 16 -6257.65 0.15
5302.06 6728.68 0.76 1020 16 -5850.37 0.15
5251.91 6937.93 0.76 1021 16 -6558.73 0.15
5222.20 6997.67 0.77 1022 16 -4974.27 0.15
5360.72 6622.66 0.77 1023 16 -7318.09 0.15
5233.52 6552.37 0.76 1024 16 -6671.41 0.15
Execution took 4:35:18.162466 (HH:MM:SS.ss)
