##########random##########
6112.51 43941.15 17 16
7376.63 38822.61 18 16
7666.25 42101.85 19 16
7714.19 54113.72 20 16
9083.47 43296.07 21 16
8496.3 52914.99 22 16
10275.99 51355.64 23 16
9793.03 53571.37 24 16
10394.95 50171.26 25 16
11414.94 57184.62 26 16
12532.49 68807.53 27 16
12209.58 65421.72 28 16
12897.79 65949.45 29 16
13280.23 67526.45 30 16
15080.3 78248.36 31 16
15624.35 78394.15 32 16
13108.01 81673.29 33 16
15972.62 77180.64 34 16
13556.51 71016.83 35 16
17786.68 90969.14 36 16
16397.39 84374.93 37 16
17109.31 89016.76 38 16
15869.02 86088.9 39 16
17277.32 89380.15 40 16
21458.76 98965.07 41 16
20331.24 101555.73 42 16
21040.31 101192.13 43 16
22417.17 105189.4 44 16
21214.71 103161.99 45 16
21597.03 104901.44 46 16
22670.73 114913.48 47 16
23933.73 106226.65 48 16
21408.72 105094.31 49 16
24796.88 120213.12 50 16
28073.24 132402.4 51 16
30560.54 129860.24 52 16
30731.1 124385.63 53 16
29692.33 129758.67 54 16
31805.37 130570.72 55 16
27954.77 119663.19 56 16
31334.64 136580.72 57 16
30496.19 136196.71 58 16
31637.21 135494.36 59 16
31666.2 139452.05 60 16
34520.52 156160.74 61 16
35672.32 146917.94 62 16
33438.73 150649.06 63 16
34372.34 134012.06 64 16
38442.42 162477.09 65 16
36544.39 154673.28 66 16
35517.52 151051.46 67 16
38262.27 160075.63 68 16
43456.55 165712.3 69 16
40088.69 169171.16 70 16
41162.02 164716.9 71 16
47098.75 181627.48 72 16
43190.99 170315.23 73 16
43463.68 167930.36 74 16
42295.44 170260.17 75 16
44627.83 173377.06 76 16
49641.73 185751.76 77 16
47826.8 183439.22 78 16
47814.59 181571.33 79 16
47763.78 178154.81 80 16
47571.45 188449.02 81 16
54730.34 195419.91 82 16
48780.36 185077.56 83 16
50239.57 192046.39 84 16
61807.65 207440.75 85 16
59286.12 199473.75 86 16
48283.05 198816.6 87 16
57926.93 213997.33 88 16
55925.05 204694.58 89 16
56861.93 211208.07 90 16
58156.03 215826.58 91 16
57723.22 229859.77 92 16
56306.08 214734.33 93 16
63532.65 217488.73 94 16
60102.81 238279.89 95 16
62181.14 225728.44 96 16
62012.61 220141.44 97 16
64857.03 224358.04 98 16
66041.56 229263.26 99 16
66378.7 246066.37 100 16
63007.43 234302.02 101 16
67891.02 250897.33 102 16
71147.03 252682.45 103 16
66292.16 250669.83 104 16
72104.13 243010.16 105 16
69582.3 250224.78 106 16
73934.95 243792.71 107 16
75476.2 255215.32 108 16
72168.19 262367.75 109 16
75766.37 271161.88 110 16
76535.81 268615.97 111 16
75157.38 263566.02 112 16
79574.6 276928.22 113 16
79175.92 267726.6 114 16
80517.58 268431.61 115 16
77486.12 258459.48 116 16
76427.06 270938.22 117 16
85456.85 285116.5 118 16
85720.4 275602.54 119 16
80976.22 279288.13 120 16
86528.28 289543.76 121 16
81323.35 289781.5 122 16
85866.31 283718.27 123 16
88463.98 292822.39 124 16
87988.17 295246.57 125 16
87792.08 301918.11 126 16
89150.25 298296.41 127 16
90685.06 300896.64 128 16
89018.62 305282.58 129 16
92886.61 310763.42 130 16
85190.27 296237.49 131 16
94429.18 317137.19 132 16
90357.42 322332.4 133 16
93175.12 317467.87 134 16
96909.19 320741.11 135 16
94916.54 322049.8 136 16
92489.71 320254.58 137 16
94108.2 321294.57 138 16
92562.19 323468.9 139 16
97359.27 326573.16 140 16
98926.46 339457.34 141 16
100882.69 334183.24 142 16
99534.66 346044.71 143 16
98982.44 351155.07 144 16
102711.61 333251.95 145 16
105121.63 339075.72 146 16
106052.29 342039.23 147 16
102431.07 340536.13 148 16
109689.3 362301.05 149 16
110079.36 361440.8 150 16
102297.22 359578.04 151 16
111052.78 362276.62 152 16
105355.66 356407.05 153 16
109131.95 366471.26 154 16
108425.49 362142.3 155 16
113235.33 388466.22 156 16
108903.55 377456.14 157 16
104975.39 370960.81 158 16
113835.85 380274.14 159 16
116712.81 382833.83 160 16
113240.48 387568.6 161 16
115435.68 370173.04 162 16
116423.69 380126.13 163 16
119742.04 379444.41 164 16
113868.97 382125.89 165 16
120145.24 404678.66 166 16
122290.97 402402.51 167 16
122268.02 403345.86 168 16
120485.78 386042.06 169 16
122756.81 409402.7 170 16
122022.0 400222.18 171 16
129972.97 411698.43 172 16
125785.15 417637.51 173 16
127009.73 401566.23 174 16
126175.7 429736.02 175 16
126941.29 411061.41 176 16
121473.47 426316.72 177 16
132138.81 422245.01 178 16
126645.87 418172.38 179 16
130313.06 432146.41 180 16
130477.36 414446.11 181 16
137164.44 441983.91 182 16
134948.52 440651.29 183 16
132716.63 441459.34 184 16
134897.46 430489.89 185 16
140339.97 453219.78 186 16
139027.8 440532.95 187 16
135444.55 445892.89 188 16
143350.2 462373.97 189 16
136176.38 441497.33 190 16
140928.02 455366.56 191 16
145140.22 459420.46 192 16
145437.97 450023.46 193 16
143778.49 447845.68 194 16
140155.32 454071.77 195 16
140626.88 466164.37 196 16
136718.19 452480.78 197 16
142194.96 455591.19 198 16
145901.81 464932.28 199 16
143596.93 478022.12 200 16
152300.84 504640.06 201 16
153939.39 472929.88 202 16
145754.18 466935.88 203 16
151346.47 485802.13 204 16
150921.96 497377.74 205 16
152352.42 484960.68 206 16
154927.51 470308.45 207 16
153231.52 501163.12 208 16
147633.79 494060.95 209 16
156201.9 507625.21 210 16
158145.59 496775.71 211 16
160749.4 507685.4 212 16
158387.01 496283.38 213 16
157753.26 517427.87 214 16
159015.26 511693.74 215 16
153954.39 505260.82 216 16
161801.2 529070.77 217 16
163203.3 524668.57 218 16
166414.93 532326.93 219 16
162591.13 531493.7 220 16
161137.59 523444.11 221 16
157630.44 512535.28 222 16
163385.43 525575.54 223 16
157716.17 513447.58 224 16
166281.99 547659.21 225 16
169449.15 534923.95 226 16
168596.54 526585.74 227 16
168166.6 534624.89 228 16
166869.45 549619.71 229 16
164817.04 530840.64 230 16
160783.9 534114.37 231 16
168413.1 550967.24 232 16
171317.36 556353.85 233 16
169254.7 550878.46 234 16
173774.07 550587.56 235 16
173109.59 565877.39 236 16
173918.84 553011.22 237 16
178434.29 558814.92 238 16
174684.95 571552.55 239 16
175219.98 569125.37 240 16
178520.41 548048.01 241 16
173686.31 564896.19 242 16
179186.16 563530.56 243 16
177850.35 576846.08 244 16
187403.8 597826.16 245 16
184777.07 583845.78 246 16
185789.91 577049.15 247 16
170918.11 562106.27 248 16
183606.0 577860.09 249 16
181657.12 584090.14 250 16
181552.5 593089.78 251 16
186145.98 616975.66 252 16
182507.31 598424.09 253 16
182823.11 589833.41 254 16
189321.39 595712.89 255 16
188890.46 605920.02 256 16
193782.67 598915.2 257 16
194980.51 602262.77 258 16
188394.28 606129.82 259 16
189314.28 603594.61 260 16
187925.01 590508.67 261 16
192423.94 619607.6 262 16
192603.91 611681.47 263 16
191819.74 618402.34 264 16
191050.94 626312.82 265 16
206029.31 636575.15 266 16
203375.95 640553.7 267 16
196454.08 638156.05 268 16
201203.13 645635.2 269 16
196642.22 633060.35 270 16
194771.85 626963.49 271 16
201130.93 650243.49 272 16
201602.5 653476.64 273 16
197905.06 636861.06 274 16
209766.44 646203.34 275 16
206006.8 647780.66 276 16
212105.49 652872.76 277 16
202425.59 656323.73 278 16
202079.7 626380.85 279 16
201829.65 652172.59 280 16
204357.06 661125.98 281 16
207975.87 675497.98 282 16
207909.19 648504.26 283 16
216500.34 685191.78 284 16
205057.36 668793.18 285 16
219215.89 670950.7 286 16
211945.53 658020.63 287 16
217409.75 691239.05 288 16
215031.08 675986.24 289 16
219713.14 703532.68 290 16
213995.12 678813.78 291 16
212855.95 689741.89 292 16
216601.78 683715.18 293 16
222883.88 717629.79 294 16
217832.85 691166.97 295 16
219657.19 687711.78 296 16
218018.81 717960.19 297 16
225658.69 704328.58 298 16
221974.13 726859.64 299 16
219655.34 716917.0 300 16
226423.29 709007.82 301 16
229788.5 705645.78 302 16
227950.02 707687.8 303 16
219481.7 700085.99 304 16
229823.15 711399.95 305 16
229982.94 710172.95 306 16
232203.0 741483.23 307 16
226761.3 712425.39 308 16
236664.53 734785.1 309 16
225640.27 738167.69 310 16
225781.06 729603.66 311 16
232301.42 713658.99 312 16
226381.93 731010.4 313 16
244827.4 756789.38 314 16
235789.55 733451.98 315 16
233831.7 750060.3 316 16
239023.37 746120.89 317 16
236739.48 747985.48 318 16
243582.76 756900.26 319 16
234984.55 749716.09 320 16
235565.18 745505.89 321 16
245245.06 763123.33 322 16
245043.08 767311.88 323 16
245178.45 764509.83 324 16
248719.5 780641.11 325 16
249318.77 779617.52 326 16
251756.08 774554.17 327 16
243795.29 763922.4 328 16
240918.01 774036.01 329 16
236081.48 749731.23 330 16
246176.38 776739.42 331 16
251001.27 781905.74 332 16
254534.42 775392.21 333 16
250942.81 787422.99 334 16
254396.75 777862.51 335 16
248621.27 795636.63 336 16
242710.9 758376.08 337 16
258809.57 800331.07 338 16
253412.69 785832.05 339 16
257282.58 814531.75 340 16
258988.56 801148.92 341 16
260110.53 802274.23 342 16
256306.92 836475.73 343 16
257128.99 804275.35 344 16
258372.69 800444.51 345 16
264679.34 834077.14 346 16
253359.92 827726.19 347 16
258539.08 806501.85 348 16
266592.51 836375.98 349 16
268410.8 838505.05 350 16
265697.33 838869.41 351 16
269219.96 833416.91 352 16
271262.34 822512.85 353 16
276521.02 852532.42 354 16
258672.13 817675.95 355 16
268403.84 860941.87 356 16
265699.75 849392.37 357 16
272254.18 836720.42 358 16
276581.93 846481.26 359 16
269333.88 846630.56 360 16
268383.67 834248.64 361 16
266732.13 873872.26 362 16
264051.75 831526.63 363 16
274564.64 863578.81 364 16
278330.75 867399.66 365 16
276661.67 862860.87 366 16
263961.56 853262.54 367 16
277321.1 864376.17 368 16
282623.83 890031.35 369 16
269252.59 856123.96 370 16
280714.18 859170.76 371 16
270280.53 887082.83 372 16
277426.11 879230.29 373 16
281746.65 903140.59 374 16
284154.48 890828.22 375 16
289189.69 904733.13 376 16
281063.93 869513.3 377 16
284918.19 862744.57 378 16
287912.53 899608.56 379 16
297610.18 901671.45 380 16
292997.29 911471.16 381 16
279605.86 900857.49 382 16
283249.11 908999.65 383 16
290675.23 913740.62 384 16
292471.21 931651.78 385 16
290431.77 908738.92 386 16
283842.61 911096.08 387 16
297106.58 913405.17 388 16
296123.41 918597.18 389 16
292211.74 923085.92 390 16
297061.29 945177.02 391 16
296386.91 918813.97 392 16
294885.07 926026.08 393 16
297970.89 932690.48 394 16
303771.95 923361.35 395 16
299305.96 913864.39 396 16
294317.67 935791.92 397 16
306044.24 954031.57 398 16
293448.68 924197.58 399 16
296496.99 930454.33 400 16
311515.19 971477.23 401 16
308404.18 956493.71 402 16
302995.3 952697.4 403 16
309152.07 951926.48 404 16
304591.03 952941.15 405 16
307656.23 954662.04 406 16
310496.79 985227.11 407 16
310164.73 955070.88 408 16
308549.69 980265.89 409 16
308500.26 971359.62 410 16
305868.46 967033.25 411 16
311269.98 997076.18 412 16
310000.19 971912.28 413 16
317039.61 975946.62 414 16
308150.05 969507.62 415 16
311286.85 955894.57 416 16
322350.42 982618.55 417 16
312271.23 952665.8 418 16
311185.34 998192.32 419 16
299600.57 991413.11 420 16
321905.4 976512.23 421 16
328362.49 1006543.99 422 16
312390.37 975409.53 423 16
312390.91 970437.15 424 16
323939.65 1006114.12 425 16
322303.71 1008475.0 426 16
326248.4 996663.7 427 16
332234.06 1009988.89 428 16
326775.47 1014303.2 429 16
322224.78 1013311.56 430 16
320219.62 1003474.66 431 16
328047.9 1022043.44 432 16
320948.49 1017424.25 433 16
333858.88 1038572.94 434 16
339445.72 1054071.66 435 16
334287.3 1020732.94 436 16
340103.86 1061605.31 437 16
329910.57 1004820.39 438 16
335770.92 1036309.01 439 16
344686.29 1039213.6 440 16
339422.14 1057459.55 441 16
336436.16 1034810.34 442 16
337112.31 1042722.08 443 16
334834.85 1047641.5 444 16
335180.11 1027237.51 445 16
343559.13 1053510.97 446 16
339731.21 1045933.7 447 16
336760.47 1030035.59 448 16
348214.64 1071395.87 449 16
341533.27 1053049.92 450 16
350088.22 1092636.19 451 16
341604.49 1050862.93 452 16
351667.63 1094939.5 453 16
345664.78 1069324.63 454 16
345837.35 1045009.11 455 16
343869.97 1074999.97 456 16
352856.36 1104538.15 457 16
345812.26 1092765.67 458 16
349791.63 1084610.36 459 16
348899.83 1071155.22 460 16
351790.3 1103553.26 461 16
349762.22 1095418.4 462 16
349933.61 1082041.82 463 16
348322.79 1099095.99 464 16
345576.31 1106260.89 465 16
352361.58 1070342.43 466 16
355609.36 1118371.78 467 16
347887.45 1087684.11 468 16
364176.64 1146591.3 469 16
350608.75 1122989.78 470 16
351733.67 1118489.56 471 16
350962.99 1105042.68 472 16
353130.53 1096511.71 473 16
355536.34 1115128.1 474 16
367239.38 1125686.93 475 16
357996.07 1100056.25 476 16
364095.75 1137156.65 477 16
365959.04 1124453.38 478 16
356002.26 1117165.0 479 16
363992.19 1144933.95 480 16
372010.77 1149577.79 481 16
371069.54 1152230.85 482 16
373174.85 1135542.29 483 16
370202.85 1124850.61 484 16
370665.36 1139698.41 485 16
370212.32 1130755.57 486 16
379771.45 1163002.11 487 16
377515.46 1178439.74 488 16
362457.63 1159797.37 489 16
367243.95 1133674.35 490 16
372010.69 1168789.69 491 16
370670.55 1159914.65 492 16
371629.49 1178862.21 493 16
367373.37 1156835.02 494 16
365429.56 1127678.48 495 16
375423.64 1161425.59 496 16
379700.62 1168743.63 497 16
387954.0 1195162.9 498 16
379846.03 1170238.72 499 16
381031.86 1210011.38 500 16
384270.67 1194517.87 501 16
382926.49 1201342.18 502 16
377744.7 1185451.43 503 16
394033.89 1194514.37 504 16
386643.12 1178206.27 505 16
381422.01 1202007.47 506 16
382287.03 1193219.65 507 16
392732.08 1201826.26 508 16
382568.94 1168233.5 509 16
390390.06 1186839.0 510 16
389268.18 1182426.93 511 16
387545.85 1208927.96 512 16
395630.86 1202111.93 513 16
381918.18 1212336.37 514 16
392777.82 1210030.17 515 16
400649.16 1222169.46 516 16
391187.19 1216181.32 517 16
393558.84 1191731.12 518 16
392640.4 1227864.26 519 16
400218.94 1200392.02 520 16
409228.13 1252234.48 521 16
393241.46 1234143.43 522 16
400978.36 1212805.19 523 16
404064.11 1242820.0 524 16
407300.06 1250338.66 525 16
401549.25 1246328.64 526 16
401470.85 1224021.38 527 16
399656.18 1229616.93 528 16
397727.12 1253418.98 529 16
402959.75 1256394.19 530 16
409450.15 1268401.02 531 16
405443.83 1242774.3 532 16
406404.07 1233801.16 533 16
406069.13 1258347.9 534 16
404371.63 1240114.52 535 16
405858.75 1253376.99 536 16
406414.43 1267533.94 537 16
397600.17 1249204.64 538 16
410419.88 1280359.29 539 16
419436.94 1286067.46 540 16
422328.81 1282941.05 541 16
411587.5 1281223.62 542 16
411280.95 1276038.45 543 16
413953.44 1259040.69 544 16
413482.25 1265467.84 545 16
406258.92 1307066.92 546 16
410411.79 1282470.45 547 16
415116.59 1303185.61 548 16
422056.83 1270300.43 549 16
417518.15 1303379.07 550 16
411797.52 1305824.29 551 16
421459.24 1315727.6 552 16
424268.21 1322226.93 553 16
421175.23 1314039.04 554 16
430178.95 1318511.88 555 16
435715.22 1324477.46 556 16
423807.08 1309651.5 557 16
428908.72 1314811.06 558 16
424866.44 1307648.02 559 16
417415.38 1314697.93 560 16
431865.75 1310742.23 561 16
447712.04 1363421.86 562 16
426786.7 1299124.25 563 16
434549.81 1326536.11 564 16
431455.54 1342860.88 565 16
428232.46 1311447.54 566 16
433399.89 1304993.02 567 16
431206.54 1329748.57 568 16
422967.29 1330776.43 569 16
434135.47 1347753.37 570 16
442191.52 1381632.81 571 16
440189.7 1349969.1 572 16
429316.29 1340863.22 573 16
443566.95 1347598.92 574 16
431235.36 1351088.96 575 16
444231.02 1361042.38 576 16
444076.7 1379550.88 577 16
430738.31 1329096.42 578 16
435248.31 1353078.3 579 16
437967.42 1392591.71 580 16
447613.7 1365060.82 581 16
440205.47 1375959.17 582 16
444185.44 1354049.52 583 16
441622.39 1373236.31 584 16
452636.4 1400480.74 585 16
441330.09 1361841.21 586 16
445777.85 1377280.32 587 16
448085.49 1411138.79 588 16
450148.27 1382274.29 589 16
452331.54 1388392.66 590 16
453648.62 1397316.93 591 16
441886.28 1412260.03 592 16
448247.72 1361549.4 593 16
454082.13 1411724.96 594 16
465922.35 1432922.68 595 16
460950.0 1412975.22 596 16
456960.47 1413159.67 597 16
462033.86 1392261.98 598 16
456817.88 1431344.35 599 16
461376.68 1426158.89 600 16
453940.36 1409689.57 601 16
461419.21 1437255.86 602 16
458592.45 1433679.84 603 16
466392.1 1422332.76 604 16
465196.4 1417402.09 605 16
462614.79 1426852.41 606 16
457342.68 1424145.76 607 16
462483.83 1443742.72 608 16
455294.22 1402013.46 609 16
464482.03 1450990.97 610 16
466844.43 1438291.87 611 16
468849.58 1445153.18 612 16
466014.94 1438263.61 613 16
468036.62 1400420.93 614 16
474266.34 1446042.22 615 16
461060.42 1460843.24 616 16
462215.61 1459647.64 617 16
477695.31 1443214.48 618 16
472552.18 1484418.59 619 16
478198.28 1493994.8 620 16
473897.28 1471442.27 621 16
485156.85 1486566.2 622 16
480120.19 1483028.35 623 16
478332.31 1464395.69 624 16
478733.51 1500754.88 625 16
487060.69 1476988.76 626 16
478861.06 1497477.07 627 16
485930.46 1479909.25 628 16
476938.87 1492384.76 629 16
480475.66 1462639.54 630 16
484023.36 1472672.1 631 16
491675.41 1491404.84 632 16
489423.72 1478451.25 633 16
477292.44 1507889.41 634 16
474354.44 1488710.94 635 16
475595.19 1457111.56 636 16
490542.26 1517714.91 637 16
500731.29 1507126.2 638 16
485256.56 1502981.31 639 16
487071.77 1517682.51 640 16
496330.14 1532907.04 641 16
482427.01 1503219.16 642 16
494089.89 1526745.09 643 16
490661.27 1545663.46 644 16
498199.29 1532239.26 645 16
493499.89 1540992.29 646 16
497182.95 1515541.43 647 16
493575.66 1526538.64 648 16
495378.0 1542027.97 649 16
497788.55 1545333.55 650 16
506778.33 1549182.36 651 16
505830.78 1539904.75 652 16
495783.12 1518656.69 653 16
497145.13 1520387.6 654 16
506745.87 1566043.7 655 16
491593.11 1546690.01 656 16
496646.98 1568337.12 657 16
512268.61 1533047.02 658 16
504466.61 1556348.54 659 16
504332.83 1551731.32 660 16
503490.09 1515814.56 661 16
508263.52 1556197.52 662 16
509335.5 1552168.34 663 16
503807.06 1547818.88 664 16
513256.9 1587356.66 665 16
510754.36 1576239.43 666 16
512827.18 1585638.4 667 16
507849.73 1580801.08 668 16
497652.72 1561835.15 669 16
514959.37 1553715.93 670 16
518689.8 1611080.97 671 16
505729.22 1577083.57 672 16
518512.58 1589277.06 673 16
515564.36 1603859.14 674 16
514752.55 1564497.11 675 16
524627.19 1593011.65 676 16
511459.01 1583686.5 677 16
514574.99 1578975.38 678 16
515285.45 1599994.85 679 16
515966.74 1597964.96 680 16
517007.44 1606251.99 681 16
523659.4 1621939.32 682 16
520015.69 1589548.35 683 16
520055.19 1616439.93 684 16
520978.05 1617858.64 685 16
516125.71 1630782.22 686 16
533966.89 1599338.25 687 16
522898.61 1597334.75 688 16
527026.65 1614754.06 689 16
536813.02 1615783.93 690 16
536672.95 1632010.64 691 16
532405.72 1663491.1 692 16
534361.84 1645698.77 693 16
531301.35 1647759.97 694 16
527514.98 1643310.69 695 16
550615.99 1667754.82 696 16
543560.64 1653778.9 697 16
533793.36 1669466.69 698 16
519323.41 1632866.82 699 16
538410.97 1640310.34 700 16
534194.65 1641430.34 701 16
543331.74 1690349.96 702 16
529944.27 1661471.98 703 16
536361.29 1660555.8 704 16
533696.15 1652732.99 705 16
553178.31 1685590.39 706 16
539408.3 1674258.08 707 16
546105.12 1680855.07 708 16
547704.08 1675956.05 709 16
533381.12 1702392.08 710 16
545501.22 1675463.97 711 16
556570.15 1683389.63 712 16
536046.59 1644979.81 713 16
557143.46 1697837.22 714 16
547988.4 1687339.94 715 16
550251.22 1700500.6 716 16
531124.78 1662246.82 717 16
554525.7 1705343.94 718 16
559440.9 1705761.38 719 16
546078.41 1705282.52 720 16
537915.71 1678576.02 721 16
561330.05 1716052.15 722 16
566336.19 1726969.64 723 16
559842.71 1699861.97 724 16
554686.24 1708121.12 725 16
578814.93 1752709.5 726 16
565119.15 1718980.85 727 16
561970.8 1713558.09 728 16
569866.68 1750971.08 729 16
560555.72 1696262.96 730 16
549160.91 1700680.78 731 16
554451.18 1707883.8 732 16
559652.27 1698035.06 733 16
558182.6 1699566.44 734 16
551445.02 1700129.72 735 16
561177.79 1737134.75 736 16
581086.24 1759284.48 737 16
571311.68 1779345.06 738 16
566078.14 1764056.75 739 16
571568.01 1779564.93 740 16
571335.98 1782142.37 741 16
570934.08 1772145.61 742 16
579888.57 1733552.47 743 16
560224.83 1747773.65 744 16
566060.61 1752373.35 745 16
578332.81 1766982.94 746 16
580849.69 1785402.99 747 16
565239.9 1760493.33 748 16
566286.11 1766594.57 749 16
572411.3 1761398.9 750 16
589353.78 1758183.26 751 16
569695.35 1765427.89 752 16
581124.29 1784450.76 753 16
588717.34 1812728.73 754 16
579664.62 1780343.02 755 16
573002.87 1742204.45 756 16
587344.64 1808034.64 757 16
593320.45 1789721.95 758 16
572175.26 1788990.91 759 16
596562.68 1824833.14 760 16
580025.95 1805801.19 761 16
593053.12 1804687.6 762 16
589717.24 1807735.44 763 16
580459.27 1812038.84 764 16
586452.75 1804088.63 765 16
600319.14 1827981.75 766 16
593676.36 1807810.24 767 16
595248.34 1830872.29 768 16
583761.97 1807492.27 769 16
583808.74 1799819.61 770 16
591030.7 1775191.46 771 16
582744.57 1819853.06 772 16
598121.57 1795170.39 773 16
592649.88 1844694.8 774 16
605983.61 1822604.82 775 16
584226.39 1822921.79 776 16
596528.82 1831095.82 777 16
601257.03 1854554.54 778 16
600321.3 1836792.46 779 16
604038.3 1841769.47 780 16
597631.18 1842912.34 781 16
590522.24 1827134.52 782 16
592993.46 1828591.09 783 16
601015.03 1863907.88 784 16
602717.81 1832440.64 785 16
594929.47 1835952.53 786 16
606244.04 1879053.0 787 16
602163.62 1852057.29 788 16
583879.32 1819862.33 789 16
604472.15 1885630.26 790 16
610040.84 1888013.96 791 16
603705.07 1857812.41 792 16
606669.54 1890041.67 793 16
608808.9 1846223.78 794 16
611580.38 1886966.32 795 16
603598.32 1867383.65 796 16
606540.25 1867483.45 797 16
605228.12 1902424.18 798 16
606100.76 1905213.35 799 16
621329.97 1918899.18 800 16
619271.58 1885828.4 801 16
611220.46 1881284.03 802 16
618175.49 1898917.54 803 16
605496.15 1889875.38 804 16
620599.62 1908905.85 805 16
618623.6 1907021.54 806 16
617625.8 1910942.81 807 16
614579.38 1946895.8 808 16
622275.05 1900002.06 809 16
616199.01 1893487.59 810 16
621260.18 1909466.02 811 16
616629.96 1899600.31 812 16
623579.73 1926171.89 813 16
616482.86 1908879.12 814 16
617610.51 1897617.77 815 16
626650.51 1900726.31 816 16
619801.45 1929843.71 817 16
630463.82 1927453.67 818 16
636279.6 1960958.6 819 16
632716.05 1931790.62 820 16
648571.61 1949080.38 821 16
631034.37 1911296.39 822 16
621851.49 1915355.09 823 16
625459.03 1959933.0 824 16
644945.92 1940852.65 825 16
637790.06 1920594.11 826 16
627760.45 1938048.14 827 16
645938.39 1978081.62 828 16
638702.87 1955854.69 829 16
620712.25 1911884.94 830 16
639703.54 1946583.29 831 16
634937.34 1962117.8 832 16
641472.07 1994783.24 833 16
642287.27 1974341.92 834 16
644134.86 1991926.89 835 16
641140.28 1971833.91 836 16
648854.24 1963864.36 837 16
660383.49 2014737.07 838 16
641200.98 1952947.03 839 16
636831.99 1959730.3 840 16
653021.26 1948537.57 841 16
649350.88 1992944.13 842 16
654600.83 1984609.01 843 16
649371.34 2011481.35 844 16
650315.29 1983835.05 845 16
662877.89 2009955.8 846 16
647497.2 1989560.24 847 16
642203.66 1978573.72 848 16
653389.93 1982877.53 849 16
647706.78 2009065.54 850 16
641210.45 1953935.36 851 16
649337.24 1989789.57 852 16
659598.29 2004378.97 853 16
647920.35 1978072.92 854 16
652670.21 2004335.31 855 16
655609.03 2024354.72 856 16
663064.81 2031134.89 857 16
655454.85 2003300.84 858 16
655290.66 2008847.91 859 16
673129.21 2034482.16 860 16
664946.47 2035099.47 861 16
649403.21 1998803.34 862 16
674432.47 2047758.89 863 16
664968.97 2001799.15 864 16
662658.84 2027411.38 865 16
666448.97 2028389.13 866 16
642570.22 2009277.69 867 16
672872.26 2076616.42 868 16
670943.21 2024895.7 869 16
660645.93 2026040.21 870 16
663736.77 2063883.76 871 16
659297.21 2081103.36 872 16
678181.03 2038353.07 873 16
685125.88 2083393.97 874 16
667804.96 2051753.74 875 16
683274.39 2088597.15 876 16
675424.72 2101275.22 877 16
671233.3 2061822.59 878 16
682188.9 2104787.53 879 16
666759.02 2057478.54 880 16
686641.66 2083400.25 881 16
680794.8 2089408.7 882 16
681286.04 2052199.55 883 16
673878.43 2077187.81 884 16
666866.22 2060144.16 885 16
679499.6 2070564.79 886 16
676000.09 2114189.94 887 16
682964.35 2091229.02 888 16
694387.84 2098252.07 889 16
678632.34 2095716.84 890 16
682102.61 2094340.5 891 16
700285.07 2107810.56 892 16
686694.62 2090907.84 893 16
688127.33 2128713.73 894 16
700849.21 2138717.01 895 16
703112.95 2155764.85 896 16
687797.61 2112707.72 897 16
691183.82 2093816.73 898 16
682941.11 2112295.65 899 16
694325.49 2136271.27 900 16
707358.74 2151657.64 901 16
690222.35 2140748.5 902 16
701643.56 2145034.03 903 16
703726.55 2107495.87 904 16
695602.32 2134586.73 905 16
701772.21 2131743.14 906 16
691364.12 2108302.7 907 16
696277.56 2144244.85 908 16
707496.78 2149206.62 909 16
698084.26 2150755.53 910 16
699345.95 2164112.45 911 16
714107.71 2145447.21 912 16
712715.2 2181924.58 913 16
698557.26 2153343.15 914 16
703206.5 2150060.02 915 16
705358.74 2145889.12 916 16
698010.62 2166300.36 917 16
694631.25 2118792.1 918 16
704492.79 2192289.86 919 16
698773.78 2136636.69 920 16
713410.02 2202819.6 921 16
694429.53 2181885.84 922 16
692400.94 2141532.51 923 16
715193.13 2209104.16 924 16
709012.88 2174009.68 925 16
718111.7 2176492.61 926 16
714637.05 2178898.46 927 16
710680.75 2164338.56 928 16
724623.68 2186859.42 929 16
709629.69 2223782.04 930 16
718820.24 2218656.42 931 16
714791.79 2182975.04 932 16
730392.83 2193083.07 933 16
727116.68 2269385.87 934 16
709196.75 2185123.72 935 16
709123.58 2204320.01 936 16
724602.79 2222347.56 937 16
732656.15 2234186.52 938 16
705757.64 2222610.9 939 16
725016.27 2224467.92 940 16
724063.86 2253340.41 941 16
726337.24 2199606.26 942 16
719630.82 2211376.22 943 16
718212.0 2207414.98 944 16
737418.63 2229416.68 945 16
718849.2 2209363.87 946 16
733421.21 2235972.63 947 16
740219.16 2283028.07 948 16
730129.29 2267327.7 949 16
733950.0 2264503.1 950 16
731488.81 2237788.04 951 16
740074.04 2251677.49 952 16
736399.0 2243501.82 953 16
731827.25 2247060.17 954 16
740584.45 2253626.88 955 16
729374.6 2231782.59 956 16
732351.24 2291868.68 957 16
738596.94 2255347.65 958 16
732430.51 2224789.48 959 16
752831.43 2287381.39 960 16
751896.67 2278707.23 961 16
740015.72 2259477.3 962 16
747780.65 2299575.43 963 16
742381.85 2264826.45 964 16
749278.44 2260738.41 965 16
751192.04 2303569.51 966 16
751570.34 2319172.41 967 16
743804.86 2287777.06 968 16
751904.09 2306024.14 969 16
752007.98 2250497.87 970 16
763108.38 2301914.61 971 16
743084.26 2315894.58 972 16
738585.09 2290395.31 973 16
742969.41 2282760.66 974 16
736774.23 2276594.3 975 16
750334.95 2336246.53 976 16
743031.04 2304925.44 977 16
737473.56 2309320.93 978 16
752323.37 2316145.56 979 16
735826.68 2286102.48 980 16
750155.59 2324534.54 981 16
764278.19 2307527.24 982 16
770110.5 2345037.01 983 16
760919.84 2331257.24 984 16
763287.17 2341668.26 985 16
760862.73 2343138.56 986 16
762102.4 2316083.56 987 16
764231.48 2327815.22 988 16
754620.27 2334600.78 989 16
752370.02 2333419.26 990 16
779288.59 2352553.2 991 16
757926.45 2316264.69 992 16
768457.44 2347669.77 993 16
762958.5 2344103.92 994 16
756057.94 2317401.23 995 16
770757.45 2346236.82 996 16
761941.6 2344845.42 997 16
785791.33 2375588.07 998 16
753828.9 2330668.7 999 16
758858.99 2367313.17 1000 16
785845.28 2410346.92 1001 16
782541.61 2376677.61 1002 16
766460.87 2339624.56 1003 16
768487.47 2371982.3 1004 16
772166.05 2384965.85 1005 16
782506.64 2379026.89 1006 16
785506.65 2370694.27 1007 16
787176.94 2366654.28 1008 16
781274.94 2371178.49 1009 16
767025.66 2405084.23 1010 16
792734.02 2386707.56 1011 16
780686.42 2400322.15 1012 16
774254.55 2413924.71 1013 16
784832.18 2394078.67 1014 16
776577.48 2380266.47 1015 16
780381.58 2408530.0 1016 16
784701.34 2384548.33 1017 16
769413.52 2397522.32 1018 16
778451.91 2417364.32 1019 16
772511.78 2402984.93 1020 16
788393.95 2418754.74 1021 16
778774.63 2429430.79 1022 16
785353.78 2420816.6 1023 16
789353.98 2428825.1 1024 16
