##########random##########
5508.92 9125.88 5 4
8086.33 11956.99 6 4
9057.5 14336.24 7 4
9431.11 15075.95 8 4
11821.59 19081.31 9 4
13265.41 19347.03 10 4
14028.8 21514.4 11 4
15665.74 26469.08 12 4
16311.01 27072.71 13 4
17753.6 28588.13 14 4
18815.15 30759.0 15 4
19743.03 28005.07 16 4
22446.24 28014.68 17 4
20376.62 33188.47 18 4
23523.99 41356.48 19 4
25294.6 36999.06 20 4
24864.06 34419.3 21 4
26072.57 41407.41 22 4
27635.78 43952.28 23 4
30853.03 47989.35 24 4
33003.06 58128.01 25 4
33491.4 51341.15 26 4
35730.55 51514.04 27 4
34725.61 51401.02 28 4
40242.68 58296.86 29 4
43869.27 56644.97 30 4
44002.2 69551.86 31 4
42465.25 59370.54 32 4
42046.29 60704.79 33 4
43980.49 69781.08 34 4
46849.37 66535.05 35 4
48326.72 70768.88 36 4
46604.83 69887.12 37 4
50910.97 79684.73 38 4
53576.57 76936.16 39 4
52719.61 76520.78 40 4
55732.08 88965.77 41 4
54245.48 85355.42 42 4
54289.96 84884.81 43 4
61069.49 92012.38 44 4
59709.89 94825.45 45 4
64323.47 89455.95 46 4
57290.19 89755.85 47 4
63777.91 92489.2 48 4
65184.41 101823.65 49 4
68062.74 96686.63 50 4
65475.35 94040.99 51 4
65371.05 103685.11 52 4
69263.05 100595.03 53 4
71463.27 108332.0 54 4
75471.65 104919.5 55 4
75481.72 109961.91 56 4
75813.03 103585.35 57 4
78606.14 118365.81 58 4
71480.62 110198.65 59 4
84416.11 118779.29 60 4
83161.17 124735.09 61 4
84144.41 129063.58 62 4
84650.01 125546.6 63 4
86526.83 125706.13 64 4
91699.14 136690.12 65 4
91314.92 137168.74 66 4
90729.49 132856.27 67 4
94628.39 143080.76 68 4
95241.71 134121.16 69 4
91618.86 140885.21 70 4
92301.81 136835.5 71 4
100516.01 149583.68 72 4
95993.21 152487.87 73 4
95634.14 143881.9 74 4
100277.28 150634.64 75 4
100670.97 150739.8 76 4
99020.58 152783.85 77 4
102206.97 149564.47 78 4
102644.54 159660.41 79 4
107437.81 163887.49 80 4
112201.42 162312.22 81 4
107770.85 167786.37 82 4
117600.43 174035.69 83 4
105365.16 158482.67 84 4
107740.78 169716.87 85 4
113376.79 172601.88 86 4
113208.97 176644.0 87 4
121159.64 181461.33 88 4
114721.83 176370.99 89 4
127244.16 187327.25 90 4
121184.59 187779.6 91 4
123625.51 191540.87 92 4
115667.82 175986.85 93 4
120847.46 187810.88 94 4
124684.49 186624.91 95 4
126005.88 187277.88 96 4
128583.98 192326.87 97 4
137669.03 206820.6 98 4
129568.03 199040.65 99 4
126515.75 197317.39 100 4
135221.9 196387.46 101 4
134498.33 194446.13 102 4
133254.06 208084.53 103 4
136000.57 210384.95 104 4
143189.7 210936.53 105 4
146550.66 222654.4 106 4
139615.02 212393.9 107 4
139688.42 206119.08 108 4
142804.99 223457.17 109 4
143083.38 220885.8 110 4
146785.5 220976.24 111 4
151462.88 221200.62 112 4
152072.46 237946.35 113 4
152629.51 232337.75 114 4
147102.01 218748.99 115 4
155294.21 227995.5 116 4
152774.71 229641.14 117 4
154782.27 234719.19 118 4
154365.53 226653.38 119 4
161872.74 243565.91 120 4
160496.39 242386.04 121 4
159360.53 244396.71 122 4
162290.99 248273.1 123 4
170432.37 260771.51 124 4
161772.01 249254.8 125 4
171794.61 260414.95 126 4
164588.36 249800.68 127 4
170991.82 252291.56 128 4
170739.97 250689.57 129 4
174922.35 260583.18 130 4
171965.41 264300.28 131 4
178584.39 273092.37 132 4
178451.82 265337.56 133 4
184812.97 276393.91 134 4
179065.27 267463.35 135 4
183708.27 283892.06 136 4
186493.27 276939.1 137 4
183228.96 282532.12 138 4
187067.47 274584.2 139 4
183117.39 278616.15 140 4
192820.74 285895.35 141 4
188182.23 287765.44 142 4
185686.78 289000.88 143 4
177802.84 285859.59 144 4
190443.27 278413.21 145 4
198783.77 291815.46 146 4
195190.22 301502.89 147 4
193661.69 293063.34 148 4
199984.37 291791.31 149 4
197497.79 302426.62 150 4
190968.95 289853.42 151 4
201587.61 305466.05 152 4
197532.27 297271.63 153 4
200215.0 305727.76 154 4
206203.6 313765.57 155 4
203782.32 308056.82 156 4
207004.21 308544.02 157 4
195073.16 290958.21 158 4
218574.08 318526.87 159 4
206185.52 324376.75 160 4
212227.16 329490.43 161 4
209772.65 324235.62 162 4
207519.41 321675.03 163 4
219365.98 328983.01 164 4
220124.36 325439.9 165 4
221500.0 328504.09 166 4
213807.74 315843.45 167 4
228277.69 341808.06 168 4
224348.76 338540.72 169 4
223380.73 336199.07 170 4
229916.27 346456.76 171 4
237488.58 360032.38 172 4
224077.41 364924.02 173 4
240061.93 354013.58 174 4
223245.79 341679.86 175 4
234836.14 343383.4 176 4
233734.0 351061.61 177 4
246493.68 370141.63 178 4
241086.05 367901.09 179 4
234443.85 357973.21 180 4
242653.75 367017.65 181 4
249709.6 369025.94 182 4
243035.94 362942.78 183 4
247854.93 381155.67 184 4
252211.36 380746.89 185 4
243693.54 357377.22 186 4
242085.71 368261.62 187 4
242874.63 355671.68 188 4
259847.56 388843.96 189 4
252262.15 372967.08 190 4
247533.35 383453.9 191 4
252461.94 392594.45 192 4
248412.1 369957.2 193 4
255397.96 389959.05 194 4
262286.87 393300.57 195 4
264840.56 405465.22 196 4
256919.16 401204.81 197 4
256421.24 400449.33 198 4
261258.56 384960.1 199 4
271115.49 411498.04 200 4
260650.49 395686.96 201 4
265456.11 416114.96 202 4
271299.93 400727.71 203 4
279658.53 411804.84 204 4
272991.57 402031.73 205 4
263120.93 397308.89 206 4
281804.84 415206.61 207 4
263015.12 402653.21 208 4
285003.7 429354.95 209 4
277183.68 429393.89 210 4
281909.05 433610.94 211 4
280781.09 422556.12 212 4
276520.11 419293.8 213 4
288757.55 431877.05 214 4
274437.2 442911.26 215 4
287878.43 435434.71 216 4
280323.57 438062.44 217 4
294451.73 441947.64 218 4
288311.4 434322.79 219 4
291919.74 435442.57 220 4
280300.03 437990.5 221 4
306247.61 452860.98 222 4
288237.88 443189.95 223 4
308675.13 455756.03 224 4
295909.0 449474.71 225 4
300980.0 450267.74 226 4
301567.67 452996.85 227 4
311866.39 459971.24 228 4
303303.12 462752.86 229 4
305931.33 469778.56 230 4
302447.64 451302.37 231 4
307440.58 459863.99 232 4
304198.54 464804.19 233 4
314118.87 483809.51 234 4
311816.16 484378.46 235 4
314222.42 489202.85 236 4
310930.66 462869.0 237 4
322503.32 473367.12 238 4
325672.97 489447.43 239 4
316050.32 487972.97 240 4
319344.05 480516.51 241 4
314152.95 481373.75 242 4
329771.34 509927.85 243 4
321524.36 486604.49 244 4
324567.74 501546.62 245 4
327473.1 492596.96 246 4
330457.74 496357.46 247 4
330546.44 507451.08 248 4
329148.45 498279.19 249 4
320844.66 486480.85 250 4
327115.91 508864.22 251 4
338750.18 510507.2 252 4
340462.67 514117.52 253 4
344062.18 508707.51 254 4
333188.48 537515.62 255 4
328949.99 503136.57 256 4
346661.18 524455.16 257 4
330270.26 502890.38 258 4
336807.55 498187.15 259 4
345594.28 517433.1 260 4
343714.58 531494.27 261 4
338899.4 503946.85 262 4
346929.62 523249.26 263 4
354739.58 535246.36 264 4
347271.86 539461.62 265 4
353126.61 541598.28 266 4
356472.44 541654.02 267 4
360088.7 546433.01 268 4
350366.3 550223.17 269 4
359611.13 530217.89 270 4
356004.43 542139.18 271 4
360815.74 555218.96 272 4
350414.79 527801.46 273 4
366791.55 569022.9 274 4
359457.23 554353.86 275 4
362166.97 555006.8 276 4
357323.16 523197.02 277 4
375583.27 565067.55 278 4
368710.74 548491.07 279 4
365300.61 560262.69 280 4
360953.55 555095.78 281 4
363138.02 550075.39 282 4
374063.63 575314.73 283 4
390031.74 586495.82 284 4
378618.49 578126.65 285 4
381065.35 571073.08 286 4
388669.58 595400.02 287 4
397636.39 613548.14 288 4
376689.87 570858.19 289 4
380071.61 582787.14 290 4
381742.48 584182.68 291 4
388493.27 582435.19 292 4
396265.59 606608.85 293 4
396299.69 600404.84 294 4
390525.64 595309.48 295 4
378591.71 598331.31 296 4
378294.29 599092.66 297 4
400112.99 599505.87 298 4
398963.52 606205.36 299 4
395727.01 610252.64 300 4
390130.09 606741.14 301 4
406225.44 604155.21 302 4
405785.67 595667.74 303 4
400526.13 600181.27 304 4
400491.77 604523.59 305 4
402243.11 608972.12 306 4
413094.58 628621.53 307 4
407989.45 630636.82 308 4
405111.26 600262.59 309 4
403421.75 634954.25 310 4
417012.91 644341.71 311 4
420394.97 625844.76 312 4
416932.01 635679.67 313 4
414350.94 643492.24 314 4
413206.56 605335.26 315 4
413539.08 628069.24 316 4
427172.03 641537.78 317 4
429063.13 652996.56 318 4
413167.37 625939.56 319 4
416814.72 628035.52 320 4
428889.68 621580.69 321 4
423751.32 660498.36 322 4
425847.36 653658.67 323 4
429382.4 633506.69 324 4
419844.82 659258.76 325 4
436362.49 643137.51 326 4
425623.56 650082.99 327 4
427048.57 666175.35 328 4
447079.08 679954.48 329 4
421342.14 650041.66 330 4
420903.24 656709.04 331 4
439458.74 669218.21 332 4
444006.65 689576.35 333 4
436010.5 660397.62 334 4
446511.23 688853.5 335 4
443831.24 690642.62 336 4
448641.22 694185.81 337 4
457415.93 689014.3 338 4
457983.92 694754.42 339 4
450937.35 702772.38 340 4
452475.46 707510.58 341 4
444458.19 668833.13 342 4
452946.59 698630.01 343 4
456442.61 701719.45 344 4
455069.92 689193.21 345 4
453439.85 683332.79 346 4
451004.54 695863.69 347 4
472246.81 687517.04 348 4
464325.99 709817.42 349 4
454941.87 695828.39 350 4
449562.1 706690.11 351 4
468854.69 718292.54 352 4
466521.93 724877.98 353 4
464549.42 723719.46 354 4
475991.87 717629.07 355 4
464199.14 715981.43 356 4
471176.78 703355.47 357 4
478009.32 726250.93 358 4
476040.39 712723.46 359 4
481686.51 724538.87 360 4
478323.08 747564.73 361 4
470012.98 713785.2 362 4
478642.21 726622.42 363 4
476114.59 732795.44 364 4
480898.21 732137.36 365 4
481421.3 731063.83 366 4
490233.64 770307.87 367 4
483714.77 743384.26 368 4
488860.02 742006.54 369 4
505753.35 754805.3 370 4
484596.82 727187.79 371 4
484125.88 736725.02 372 4
482049.27 733475.22 373 4
488581.01 769698.56 374 4
498453.42 754564.31 375 4
502371.43 757147.14 376 4
491149.3 751576.38 377 4
503399.47 756644.12 378 4
496164.77 771559.9 379 4
507353.69 790909.84 380 4
497459.0 752980.76 381 4
510081.02 758081.45 382 4
501775.8 766345.42 383 4
499843.77 770207.62 384 4
502443.23 757569.18 385 4
506617.88 789131.65 386 4
508958.39 764070.83 387 4
515908.0 794237.45 388 4
511804.34 772543.03 389 4
508950.04 790588.81 390 4
507147.46 771844.71 391 4
519953.25 783867.44 392 4
514612.03 790700.37 393 4
514917.33 764682.9 394 4
502059.68 776492.55 395 4
523222.75 760193.52 396 4
540412.81 822410.56 397 4
535391.35 797667.11 398 4
520100.75 791500.6 399 4
523198.6 797485.72 400 4
510482.96 780197.69 401 4
536177.63 810349.09 402 4
525892.87 801254.69 403 4
526802.86 790366.11 404 4
530886.5 804302.85 405 4
532240.05 787638.44 406 4
543224.78 828263.29 407 4
538361.71 828434.45 408 4
542298.2 836483.01 409 4
540963.65 840403.75 410 4
548175.06 816380.68 411 4
537815.3 815222.05 412 4
539037.24 819490.42 413 4
546661.9 809993.95 414 4
544828.32 835851.07 415 4
535963.57 835916.17 416 4
555137.3 836861.53 417 4
550338.56 872162.6 418 4
559746.16 854257.01 419 4
545734.46 832980.58 420 4
538414.18 822615.19 421 4
563221.49 853180.62 422 4
557489.9 829580.8 423 4
554669.65 867612.09 424 4
550805.06 858981.23 425 4
558373.93 834496.17 426 4
571464.65 878504.77 427 4
578058.33 869506.65 428 4
557295.89 842562.3 429 4
560750.31 864031.29 430 4
565047.9 861332.44 431 4
561902.94 853288.67 432 4
578002.55 878361.3 433 4
574764.29 866514.6 434 4
591510.32 896690.57 435 4
576239.3 857010.39 436 4
591900.2 876273.1 437 4
582499.83 880349.79 438 4
572516.26 875959.05 439 4
574869.87 854647.15 440 4
588978.49 888224.62 441 4
594295.05 900667.86 442 4
564747.82 865261.22 443 4
573591.19 869520.05 444 4
593481.03 926140.07 445 4
595498.51 898328.51 446 4
584719.54 871408.19 447 4
573856.08 885318.13 448 4
603073.96 928610.31 449 4
600164.57 888808.64 450 4
596138.93 904200.87 451 4
594592.87 912780.91 452 4
610996.53 919352.99 453 4
613146.63 937913.05 454 4
604231.59 929359.8 455 4
606102.05 934752.67 456 4
599285.03 917279.04 457 4
610324.58 909333.08 458 4
611908.66 933144.29 459 4
612782.48 925463.72 460 4
608093.22 927116.43 461 4
622278.62 950821.6 462 4
592276.16 945335.19 463 4
605684.75 923982.34 464 4
616722.48 926720.35 465 4
606550.96 929505.49 466 4
608774.93 964128.24 467 4
628249.57 954984.51 468 4
626778.33 942900.82 469 4
613453.25 953542.87 470 4
611445.88 945316.29 471 4
629610.98 970229.1 472 4
620979.45 931627.91 473 4
630553.56 946230.67 474 4
629645.76 952681.13 475 4
620849.99 964163.75 476 4
640799.81 969626.78 477 4
637070.87 972742.63 478 4
640259.14 967014.95 479 4
630094.75 959245.47 480 4
636128.5 960207.98 481 4
630721.12 965468.93 482 4
634772.26 957833.31 483 4
631027.59 963741.3 484 4
629890.83 974609.1 485 4
647059.83 960306.06 486 4
632143.97 960950.89 487 4
639490.09 981488.66 488 4
658579.8 994858.19 489 4
645928.65 962399.72 490 4
624907.34 970581.37 491 4
648707.76 970532.08 492 4
644635.73 990110.63 493 4
646475.45 990280.86 494 4
634108.44 968779.88 495 4
645871.15 992256.93 496 4
654532.35 1007774.58 497 4
658812.71 992397.55 498 4
660569.97 1008119.55 499 4
662369.64 993550.46 500 4
661941.97 991309.69 501 4
667161.77 997869.95 502 4
668737.24 1028228.23 503 4
666655.76 1007659.7 504 4
671702.5 1025683.64 505 4
663150.03 1013545.15 506 4
656861.75 1000822.51 507 4
658784.41 1013032.8 508 4
680163.77 1018927.62 509 4
665697.55 1038196.02 510 4
674015.57 1046598.36 511 4
667218.93 1006226.69 512 4
666700.22 1019998.58 513 4
669961.38 1047942.31 514 4
679281.29 1028647.95 515 4
673922.64 1016789.14 516 4
699570.18 1051792.84 517 4
690195.44 1047796.25 518 4
667790.67 1035210.32 519 4
676797.51 1028180.79 520 4
680790.59 1054862.45 521 4
685792.79 1053335.49 522 4
674777.7 1047303.79 523 4
708707.77 1058414.32 524 4
693982.06 1038828.18 525 4
705937.72 1076115.02 526 4
694475.19 1053287.67 527 4
692910.55 1071123.97 528 4
701512.55 1070284.43 529 4
684350.56 1038429.24 530 4
697540.79 1043900.93 531 4
701117.46 1092962.87 532 4
689515.36 1040349.01 533 4
712271.56 1090746.56 534 4
696306.09 1059538.52 535 4
721037.33 1078259.97 536 4
705735.68 1068736.63 537 4
722531.24 1081408.68 538 4
707518.04 1069317.69 539 4
712248.09 1074762.13 540 4
709985.62 1104163.8 541 4
699129.96 1072050.16 542 4
727330.99 1108024.41 543 4
718094.47 1081054.14 544 4
722215.12 1107551.16 545 4
703306.43 1073062.25 546 4
705964.43 1070958.92 547 4
729548.65 1099340.37 548 4
710241.26 1097152.31 549 4
725706.06 1091761.25 550 4
723777.91 1089067.72 551 4
730644.56 1116319.41 552 4
725000.35 1104137.61 553 4
715131.64 1099562.7 554 4
741661.43 1125732.65 555 4
742691.09 1127543.91 556 4
723672.4 1074619.21 557 4
738573.31 1146933.65 558 4
741600.82 1121401.08 559 4
730495.41 1122318.43 560 4
723303.65 1126712.12 561 4
727104.08 1130446.83 562 4
736728.99 1130369.55 563 4
717409.56 1114016.06 564 4
747240.72 1137203.82 565 4
750028.32 1166392.86 566 4
738288.32 1141252.62 567 4
760890.74 1161501.34 568 4
748397.36 1117661.78 569 4
749342.85 1151281.66 570 4
744470.54 1120774.82 571 4
754622.42 1157173.55 572 4
749161.24 1169180.1 573 4
732025.97 1141937.62 574 4
750935.5 1151883.71 575 4
767627.2 1153374.34 576 4
768208.86 1154542.92 577 4
769165.56 1154014.9 578 4
765736.94 1176340.31 579 4
764218.57 1151449.65 580 4
766317.7 1148906.13 581 4
756797.83 1171381.98 582 4
776474.51 1167771.58 583 4
761871.69 1173883.47 584 4
764161.08 1157953.52 585 4
760007.42 1169879.22 586 4
777079.64 1185597.23 587 4
754054.39 1156052.68 588 4
786127.6 1202200.93 589 4
763612.76 1192616.28 590 4
769381.74 1177584.64 591 4
792131.35 1212803.96 592 4
789756.78 1209574.14 593 4
794763.84 1249548.43 594 4
775040.79 1184415.73 595 4
795694.51 1186708.0 596 4
792507.24 1227691.17 597 4
815940.5 1256627.74 598 4
802242.95 1216275.92 599 4
790842.7 1223615.89 600 4
788067.84 1191963.94 601 4
792413.89 1191962.44 602 4
779175.49 1192632.06 603 4
812386.91 1226654.45 604 4
784060.14 1175422.15 605 4
801294.09 1219957.24 606 4
792686.09 1204022.94 607 4
813393.63 1208654.05 608 4
789474.3 1201899.12 609 4
794074.49 1199484.85 610 4
803445.55 1229573.12 611 4
802243.11 1214136.31 612 4
800560.9 1198945.8 613 4
801642.39 1219959.14 614 4
805375.79 1227367.1 615 4
821510.18 1240437.22 616 4
802931.32 1231167.19 617 4
799377.22 1240844.54 618 4
816486.32 1244929.45 619 4
832210.16 1225361.59 620 4
817601.06 1260982.79 621 4
813320.69 1224305.28 622 4
823207.13 1242942.43 623 4
832415.22 1271700.55 624 4
833839.29 1297455.92 625 4
805813.96 1245724.13 626 4
839121.48 1250949.89 627 4
833569.85 1257708.23 628 4
817002.06 1229080.55 629 4
836840.42 1275031.61 630 4
823198.49 1232974.84 631 4
824410.41 1261903.1 632 4
850690.46 1290078.95 633 4
842772.2 1273217.11 634 4
826867.18 1253120.82 635 4
841358.69 1293637.82 636 4
840449.77 1286801.99 637 4
848355.04 1264799.16 638 4
844446.94 1288319.03 639 4
846233.85 1269891.56 640 4
837475.66 1281447.06 641 4
837283.99 1302810.53 642 4
850014.44 1305522.03 643 4
834025.11 1276739.51 644 4
839556.44 1264766.08 645 4
849977.11 1287798.01 646 4
867181.63 1297440.94 647 4
869018.77 1314553.07 648 4
860676.88 1300759.86 649 4
869935.79 1320303.83 650 4
861515.26 1307144.02 651 4
843660.48 1313788.92 652 4
848125.43 1305656.18 653 4
871271.38 1311555.92 654 4
863212.67 1328007.95 655 4
863866.59 1312431.64 656 4
871146.56 1325373.91 657 4
890237.77 1330080.77 658 4
874900.49 1291777.64 659 4
866267.22 1327721.73 660 4
873648.9 1326028.45 661 4
886407.46 1300665.61 662 4
884636.58 1345935.63 663 4
859897.5 1306341.9 664 4
879942.68 1310356.98 665 4
881164.19 1381416.98 666 4
867487.65 1337749.86 667 4
872645.04 1338435.86 668 4
893834.79 1367899.57 669 4
881756.38 1355930.41 670 4
871580.44 1332481.62 671 4
891075.58 1342145.1 672 4
881219.69 1375912.2 673 4
891262.1 1366318.14 674 4
892449.72 1390346.04 675 4
906600.74 1375841.85 676 4
898388.0 1357022.27 677 4
895614.67 1355633.97 678 4
898656.34 1380508.51 679 4
887286.46 1389821.94 680 4
879594.24 1349897.2 681 4
907310.67 1358463.16 682 4
879897.58 1364833.98 683 4
897647.33 1399295.66 684 4
914477.73 1393117.7 685 4
922762.71 1388192.39 686 4
903671.68 1392917.33 687 4
907750.28 1371771.52 688 4
907323.57 1388680.31 689 4
913356.82 1370529.9 690 4
926388.59 1402286.45 691 4
907122.46 1396325.48 692 4
904947.68 1357080.23 693 4
911298.0 1377087.56 694 4
919405.95 1382354.33 695 4
932277.77 1417165.36 696 4
925896.57 1428766.44 697 4
923704.86 1394194.63 698 4
910394.31 1391379.44 699 4
922279.11 1397269.5 700 4
921525.55 1411638.31 701 4
918399.96 1414719.08 702 4
918095.97 1389474.81 703 4
910208.27 1392735.72 704 4
919481.66 1400789.74 705 4
920738.28 1411833.91 706 4
927646.61 1431785.34 707 4
929896.99 1414415.29 708 4
941266.93 1438781.47 709 4
922539.83 1396928.52 710 4
935168.07 1453882.25 711 4
939264.97 1411314.29 712 4
929724.92 1394031.72 713 4
951694.59 1417112.6 714 4
956113.56 1452152.75 715 4
954647.5 1454723.34 716 4
955623.4 1472036.05 717 4
944723.07 1455558.49 718 4
956022.21 1453959.44 719 4
947247.24 1450068.23 720 4
953133.49 1491260.59 721 4
958102.88 1435317.46 722 4
972587.12 1454255.14 723 4
968620.82 1463893.82 724 4
963330.12 1472254.28 725 4
944831.97 1460326.87 726 4
957303.46 1437952.48 727 4
960299.71 1470677.73 728 4
960538.2 1480133.68 729 4
962294.4 1443231.52 730 4
943711.82 1468608.42 731 4
951313.96 1463669.7 732 4
950159.68 1446622.64 733 4
945888.85 1454713.84 734 4
945629.33 1467707.99 735 4
962773.5 1464854.67 736 4
972508.44 1476106.32 737 4
959601.62 1470877.45 738 4
956399.16 1465097.04 739 4
972399.5 1506521.95 740 4
978353.86 1481329.3 741 4
972183.45 1503157.12 742 4
998111.64 1501777.6 743 4
991546.29 1519966.17 744 4
977034.01 1484192.49 745 4
994050.68 1512962.98 746 4
983166.84 1475768.13 747 4
985242.37 1503587.33 748 4
991032.33 1500311.16 749 4
989932.2 1502598.42 750 4
999195.89 1525834.98 751 4
996396.82 1537488.41 752 4
990050.03 1513946.58 753 4
994872.2 1516160.94 754 4
989597.07 1529510.38 755 4
1002257.94 1485366.96 756 4
1006414.19 1522237.19 757 4
1002558.07 1512170.49 758 4
982042.8 1509114.06 759 4
1010017.74 1558184.84 760 4
1023070.56 1554477.78 761 4
1004680.94 1528864.07 762 4
1004742.52 1548829.33 763 4
997826.25 1535246.97 764 4
1007540.04 1532697.54 765 4
1008509.07 1541814.23 766 4
1007398.28 1517370.75 767 4
1020697.12 1546805.37 768 4
1013158.93 1527953.62 769 4
994304.17 1530595.09 770 4
1018521.23 1544213.66 771 4
1015373.19 1533566.21 772 4
1022591.41 1551976.9 773 4
1014308.21 1534171.86 774 4
1031155.13 1571584.22 775 4
1021937.1 1565777.27 776 4
1010440.17 1561180.92 777 4
1024727.27 1538025.8 778 4
1032910.31 1553120.21 779 4
1014715.06 1554558.67 780 4
1037163.71 1554966.06 781 4
1009752.3 1557034.41 782 4
1025943.54 1591268.62 783 4
1023036.05 1579099.68 784 4
1047480.74 1588590.1 785 4
1022405.62 1532786.57 786 4
1032539.65 1583775.17 787 4
1038315.09 1566706.46 788 4
1042321.46 1583806.57 789 4
1046736.52 1577347.19 790 4
1030945.45 1568587.07 791 4
1039698.72 1571940.87 792 4
1051122.64 1595160.01 793 4
1055888.42 1602725.21 794 4
1049669.08 1589668.44 795 4
1048292.64 1590002.79 796 4
1063069.06 1583092.21 797 4
1042135.21 1605843.8 798 4
1042598.15 1622610.4 799 4
1062901.64 1582963.06 800 4
1029590.79 1577909.62 801 4
1063336.09 1615577.23 802 4
1069116.1 1625834.09 803 4
1055640.49 1613905.26 804 4
1072980.12 1623853.68 805 4
1054422.06 1610799.55 806 4
1054378.92 1617172.01 807 4
1064517.49 1624595.74 808 4
1084459.59 1635173.34 809 4
1042894.93 1583406.41 810 4
1063767.64 1624251.75 811 4
1070831.34 1640808.43 812 4
1086969.45 1643307.08 813 4
1061836.35 1616152.9 814 4
1076747.27 1623794.11 815 4
1078979.78 1627612.26 816 4
1078246.4 1641451.92 817 4
1085022.91 1651651.97 818 4
1065574.43 1618256.74 819 4
1069381.63 1631779.9 820 4
1085700.83 1666685.8 821 4
1078776.84 1666543.66 822 4
1085603.8 1670789.38 823 4
1066195.61 1639474.87 824 4
1077039.03 1642285.47 825 4
1090977.06 1648923.32 826 4
1092447.42 1675223.31 827 4
1079970.6 1621595.85 828 4
1096115.94 1684766.05 829 4
1091745.47 1671777.01 830 4
1099119.69 1691402.78 831 4
1123867.34 1702528.36 832 4
1097003.03 1669884.61 833 4
1091422.95 1660659.35 834 4
1100032.78 1673364.5 835 4
1107514.38 1673763.76 836 4
1113683.4 1702733.5 837 4
1091874.47 1696748.65 838 4
1108325.72 1704164.08 839 4
1106403.71 1747875.11 840 4
1109458.63 1664592.07 841 4
1115557.62 1689062.26 842 4
1127333.35 1692810.78 843 4
1091520.23 1680018.61 844 4
1113530.51 1706621.18 845 4
1121607.32 1658951.11 846 4
1107227.32 1683620.56 847 4
1115564.23 1698914.45 848 4
1112240.94 1700638.2 849 4
1132794.33 1726028.11 850 4
1103872.76 1717014.73 851 4
1123269.78 1706784.85 852 4
1147918.84 1716017.33 853 4
1128418.86 1715170.95 854 4
1124830.44 1692240.45 855 4
1115276.98 1748499.31 856 4
1126038.83 1704311.7 857 4
1121839.07 1715420.34 858 4
1119785.69 1688837.51 859 4
1155048.07 1718493.42 860 4
1146387.39 1732079.72 861 4
1146752.72 1737335.15 862 4
1159422.26 1760434.39 863 4
1149117.79 1731382.01 864 4
1135083.77 1741066.52 865 4
1123155.52 1753495.88 866 4
1153264.53 1734831.6 867 4
1150807.97 1752886.56 868 4
1145819.99 1736831.16 869 4
1145695.82 1764360.17 870 4
1144792.48 1759076.06 871 4
1138511.54 1733272.52 872 4
1163181.09 1760901.23 873 4
1130137.56 1727373.19 874 4
1168195.02 1791602.2 875 4
1159730.12 1735223.12 876 4
1143523.3 1754724.02 877 4
1149593.17 1748664.5 878 4
1153704.57 1777151.87 879 4
1175414.08 1812577.34 880 4
1177566.51 1778566.24 881 4
1137857.81 1765286.49 882 4
1156064.91 1772155.54 883 4
1165142.15 1781574.68 884 4
1162520.05 1792908.83 885 4
1179778.83 1805843.9 886 4
1145257.05 1773297.22 887 4
1172629.98 1767536.09 888 4
1189899.4 1759730.18 889 4
1174140.78 1777203.99 890 4
1180759.38 1765090.75 891 4
1188269.25 1813281.11 892 4
1159051.28 1784708.14 893 4
1194493.71 1790503.98 894 4
1182212.33 1801628.91 895 4
1180902.84 1784007.5 896 4
1212224.46 1821272.88 897 4
1194541.61 1843564.67 898 4
1179330.9 1831826.9 899 4
1185540.85 1838050.94 900 4
1177338.06 1810003.02 901 4
1190546.24 1810002.89 902 4
1184752.22 1782463.53 903 4
1194391.41 1822345.45 904 4
1190754.56 1828785.33 905 4
1178433.86 1823830.35 906 4
1200617.66 1816015.35 907 4
1202737.67 1828397.11 908 4
1186287.24 1809789.47 909 4
1196700.77 1828639.66 910 4
1194868.75 1837183.14 911 4
1213138.38 1848940.33 912 4
1183190.33 1833949.11 913 4
1190761.46 1812121.59 914 4
1185812.62 1815401.16 915 4
1189871.3 1835504.48 916 4
1196020.15 1820713.09 917 4
1216231.78 1831500.97 918 4
1204010.24 1861882.31 919 4
1230922.36 1867594.11 920 4
1223905.13 1852443.48 921 4
1216601.32 1869029.79 922 4
1194912.45 1854960.41 923 4
1217063.31 1837692.96 924 4
1229169.73 1838032.36 925 4
1198963.34 1845189.61 926 4
1204964.31 1858681.11 927 4
1229419.96 1884758.6 928 4
1241185.06 1899700.91 929 4
1226165.87 1874213.97 930 4
1214818.36 1885711.39 931 4
1224473.78 1860404.17 932 4
1218706.19 1872848.89 933 4
1226450.84 1874399.21 934 4
1228661.05 1885270.32 935 4
1217475.87 1835082.14 936 4
1240895.84 1906517.87 937 4
1210574.89 1853464.07 938 4
1244451.07 1906912.87 939 4
1236768.92 1888582.77 940 4
1210435.58 1859106.31 941 4
1239088.16 1893781.96 942 4
1240107.74 1893087.53 943 4
1236296.39 1892606.96 944 4
1252799.11 1906088.96 945 4
1259691.42 1932653.03 946 4
1268868.15 1922299.9 947 4
1233891.91 1916881.61 948 4
1266101.26 1938502.56 949 4
1232213.12 1900081.44 950 4
1257743.49 1921508.17 951 4
1246606.62 1924328.42 952 4
1250766.44 1868614.32 953 4
1254950.64 1947158.09 954 4
1261221.83 1887150.25 955 4
1252106.0 1918130.85 956 4
1249665.49 1915836.32 957 4
1225839.08 1896133.54 958 4
1246048.86 1920688.52 959 4
1278056.38 1955037.14 960 4
1278368.52 1941888.73 961 4
1257088.25 1962089.43 962 4
1273598.33 1955487.23 963 4
1260971.17 1948849.51 964 4
1265624.59 1944090.86 965 4
1271017.08 1935802.27 966 4
1270930.63 1929550.02 967 4
1257341.47 1910625.22 968 4
1287738.76 1979767.08 969 4
1292751.91 1949370.68 970 4
1275550.14 1924531.01 971 4
1274192.8 1970236.79 972 4
1289193.85 1981421.49 973 4
1284139.86 1969604.21 974 4
1288958.94 1984230.93 975 4
1263488.01 1933450.22 976 4
1283915.43 1988044.72 977 4
1275322.14 1949133.48 978 4
1272472.72 1954837.75 979 4
1296444.67 1996528.59 980 4
1276331.9 1954498.14 981 4
1300088.58 1976360.71 982 4
1303557.79 1995833.85 983 4
1285273.72 1975555.54 984 4
1289737.42 1970448.86 985 4
1281515.09 1970596.92 986 4
1314936.58 1999937.78 987 4
1289214.23 1991768.86 988 4
1298818.44 1979709.35 989 4
1278129.37 1975761.79 990 4
1323178.99 1995428.69 991 4
1312691.69 2008790.2 992 4
1308781.03 1994429.87 993 4
1306846.85 2008134.75 994 4
1286465.71 2004569.31 995 4
1308554.16 2009505.52 996 4
1303990.85 1987594.24 997 4
1321706.26 2017415.79 998 4
1304496.38 2027024.39 999 4
1310166.71 2003200.36 1000 4
1319305.45 2012448.81 1001 4
1311682.88 2016686.86 1002 4
1305322.88 2047404.61 1003 4
1319906.4 2043193.86 1004 4
1332287.2 1997550.23 1005 4
1327112.02 2022510.75 1006 4
1317371.2 2019156.58 1007 4
1328254.01 2028670.05 1008 4
1326990.02 2043120.78 1009 4
1313146.05 2009416.64 1010 4
1315999.87 2004581.73 1011 4
1318358.12 2017447.66 1012 4
1324720.62 2037680.68 1013 4
1318068.42 2020415.52 1014 4
1319173.73 2056731.0 1015 4
1324735.34 1994112.04 1016 4
1342926.32 2048560.15 1017 4
1339958.3 2093020.28 1018 4
1335034.28 2027397.67 1019 4
1355606.05 2063169.54 1020 4
1310236.38 2007017.46 1021 4
1353862.04 2028995.75 1022 4
1344974.16 2062569.19 1023 4
1338701.48 2066342.22 1024 4
